<?xml version="1.0" encoding="UTF-8"?>
<testsuite xmlns:xsi="http://www.w3.org/2001/XMLSchema-instance" xsi:noNamespaceSchemaLocation="https://maven.apache.org/surefire/maven-failsafe-plugin/xsd/failsafe-test-report.xsd" version="3.0.2" name="com.banque.users_microservice.controller.ClientControllerIT" time="60.459" tests="6" errors="4" skipped="0" failures="0">
  <properties>
    <property name="java.specification.version" value="21"/>
    <property name="sun.jnu.encoding" value="UTF-8"/>
    <property name="java.class.path" value="/home/mouad/Projet-Fin-Tech/User-microservice/target/test-classes:/home/mouad/Projet-Fin-Tech/User-microservice/target/classes:/home/mouad/.m2/repository/org/springframework/boot/spring-boot-starter-data-jpa/3.4.0/spring-boot-starter-data-jpa-3.4.0.jar:/home/mouad/.m2/repository/org/springframework/boot/spring-boot-starter/3.4.0/spring-boot-starter-3.4.0.jar:/home/mouad/.m2/repository/org/springframework/boot/spring-boot/3.4.0/spring-boot-3.4.0.jar:/home/mouad/.m2/repository/org/springframework/boot/spring-boot-autoconfigure/3.4.0/spring-boot-autoconfigure-3.4.0.jar:/home/mouad/.m2/repository/org/springframework/boot/spring-boot-starter-logging/3.4.0/spring-boot-starter-logging-3.4.0.jar:/home/mouad/.m2/repository/org/apache/logging/log4j/log4j-to-slf4j/2.24.1/log4j-to-slf4j-2.24.1.jar:/home/mouad/.m2/repository/org/apache/logging/log4j/log4j-api/2.24.1/log4j-api-2.24.1.jar:/home/mouad/.m2/repository/org/slf4j/jul-to-slf4j/2.0.16/jul-to-slf4j-2.0.16.jar:/home/mouad/.m2/repository/jakarta/annotation/jakarta.annotation-api/2.1.1/jakarta.annotation-api-2.1.1.jar:/home/mouad/.m2/repository/org/yaml/snakeyaml/2.3/snakeyaml-2.3.jar:/home/mouad/.m2/repository/org/springframework/boot/spring-boot-starter-jdbc/3.4.0/spring-boot-starter-jdbc-3.4.0.jar:/home/mouad/.m2/repository/com/zaxxer/HikariCP/5.1.0/HikariCP-5.1.0.jar:/home/mouad/.m2/repository/org/springframework/spring-jdbc/6.2.0/spring-jdbc-6.2.0.jar:/home/mouad/.m2/repository/org/hibernate/orm/hibernate-core/6.6.2.Final/hibernate-core-6.6.2.Final.jar:/home/mouad/.m2/repository/jakarta/persistence/jakarta.persistence-api/3.1.0/jakarta.persistence-api-3.1.0.jar:/home/mouad/.m2/repository/jakarta/transaction/jakarta.transaction-api/2.0.1/jakarta.transaction-api-2.0.1.jar:/home/mouad/.m2/repository/org/jboss/logging/jboss-logging/3.6.1.Final/jboss-logging-3.6.1.Final.jar:/home/mouad/.m2/repository/org/hibernate/common/hibernate-commons-annotations/7.0.3.Final/hibernate-commons-annotations-7.0.3.Final.jar:/home/mouad/.m2/repository/io/smallrye/jandex/3.2.0/jandex-3.2.0.jar:/home/mouad/.m2/repository/com/fasterxml/classmate/1.7.0/classmate-1.7.0.jar:/home/mouad/.m2/repository/org/glassfish/jaxb/jaxb-runtime/4.0.5/jaxb-runtime-4.0.5.jar:/home/mouad/.m2/repository/org/glassfish/jaxb/jaxb-core/4.0.5/jaxb-core-4.0.5.jar:/home/mouad/.m2/repository/org/eclipse/angus/angus-activation/2.0.2/angus-activation-2.0.2.jar:/home/mouad/.m2/repository/org/glassfish/jaxb/txw2/4.0.5/txw2-4.0.5.jar:/home/mouad/.m2/repository/com/sun/istack/istack-commons-runtime/4.1.2/istack-commons-runtime-4.1.2.jar:/home/mouad/.m2/repository/jakarta/inject/jakarta.inject-api/2.0.1/jakarta.inject-api-2.0.1.jar:/home/mouad/.m2/repository/org/antlr/antlr4-runtime/4.13.0/antlr4-runtime-4.13.0.jar:/home/mouad/.m2/repository/org/springframework/data/spring-data-jpa/3.4.0/spring-data-jpa-3.4.0.jar:/home/mouad/.m2/repository/org/springframework/data/spring-data-commons/3.4.0/spring-data-commons-3.4.0.jar:/home/mouad/.m2/repository/org/springframework/spring-orm/6.2.0/spring-orm-6.2.0.jar:/home/mouad/.m2/repository/org/springframework/spring-beans/6.2.0/spring-beans-6.2.0.jar:/home/mouad/.m2/repository/org/slf4j/slf4j-api/2.0.16/slf4j-api-2.0.16.jar:/home/mouad/.m2/repository/org/springframework/spring-aspects/6.2.0/spring-aspects-6.2.0.jar:/home/mouad/.m2/repository/org/aspectj/aspectjweaver/1.9.22.1/aspectjweaver-1.9.22.1.jar:/home/mouad/.m2/repository/org/springframework/boot/spring-boot-starter-web/3.4.0/spring-boot-starter-web-3.4.0.jar:/home/mouad/.m2/repository/org/springframework/boot/spring-boot-starter-json/3.4.0/spring-boot-starter-json-3.4.0.jar:/home/mouad/.m2/repository/com/fasterxml/jackson/datatype/jackson-datatype-jdk8/2.18.1/jackson-datatype-jdk8-2.18.1.jar:/home/mouad/.m2/repository/com/fasterxml/jackson/module/jackson-module-parameter-names/2.18.1/jackson-module-parameter-names-2.18.1.jar:/home/mouad/.m2/repository/org/springframework/boot/spring-boot-starter-tomcat/3.4.0/spring-boot-starter-tomcat-3.4.0.jar:/home/mouad/.m2/repository/org/apache/tomcat/embed/tomcat-embed-core/10.1.33/tomcat-embed-core-10.1.33.jar:/home/mouad/.m2/repository/org/apache/tomcat/embed/tomcat-embed-el/10.1.33/tomcat-embed-el-10.1.33.jar:/home/mouad/.m2/repository/org/apache/tomcat/embed/tomcat-embed-websocket/10.1.33/tomcat-embed-websocket-10.1.33.jar:/home/mouad/.m2/repository/org/springframework/spring-web/6.2.0/spring-web-6.2.0.jar:/home/mouad/.m2/repository/org/springframework/spring-webmvc/6.2.0/spring-webmvc-6.2.0.jar:/home/mouad/.m2/repository/org/springframework/spring-expression/6.2.0/spring-expression-6.2.0.jar:/home/mouad/.m2/repository/org/springframework/kafka/spring-kafka/3.3.0/spring-kafka-3.3.0.jar:/home/mouad/.m2/repository/org/springframework/spring-context/6.2.0/spring-context-6.2.0.jar:/home/mouad/.m2/repository/org/springframework/spring-messaging/6.2.0/spring-messaging-6.2.0.jar:/home/mouad/.m2/repository/org/springframework/spring-tx/6.2.0/spring-tx-6.2.0.jar:/home/mouad/.m2/repository/org/springframework/retry/spring-retry/2.0.10/spring-retry-2.0.10.jar:/home/mouad/.m2/repository/org/apache/kafka/kafka-clients/3.8.1/kafka-clients-3.8.1.jar:/home/mouad/.m2/repository/com/github/luben/zstd-jni/1.5.6-4/zstd-jni-1.5.6-4.jar:/home/mouad/.m2/repository/org/lz4/lz4-java/1.8.0/lz4-java-1.8.0.jar:/home/mouad/.m2/repository/org/xerial/snappy/snappy-java/1.1.10.5/snappy-java-1.1.10.5.jar:/home/mouad/.m2/repository/io/micrometer/micrometer-observation/1.14.1/micrometer-observation-1.14.1.jar:/home/mouad/.m2/repository/io/micrometer/micrometer-commons/1.14.1/micrometer-commons-1.14.1.jar:/home/mouad/.m2/repository/com/h2database/h2/2.3.232/h2-2.3.232.jar:/home/mouad/.m2/repository/com/mysql/mysql-connector-j/9.1.0/mysql-connector-j-9.1.0.jar:/home/mouad/.m2/repository/org/projectlombok/lombok/1.18.36/lombok-1.18.36.jar:/home/mouad/.m2/repository/org/springframework/boot/spring-boot-starter-test/3.4.0/spring-boot-starter-test-3.4.0.jar:/home/mouad/.m2/repository/org/springframework/boot/spring-boot-test/3.4.0/spring-boot-test-3.4.0.jar:/home/mouad/.m2/repository/org/springframework/boot/spring-boot-test-autoconfigure/3.4.0/spring-boot-test-autoconfigure-3.4.0.jar:/home/mouad/.m2/repository/com/jayway/jsonpath/json-path/2.9.0/json-path-2.9.0.jar:/home/mouad/.m2/repository/jakarta/xml/bind/jakarta.xml.bind-api/4.0.2/jakarta.xml.bind-api-4.0.2.jar:/home/mouad/.m2/repository/jakarta/activation/jakarta.activation-api/2.1.3/jakarta.activation-api-2.1.3.jar:/home/mouad/.m2/repository/net/minidev/json-smart/2.5.1/json-smart-2.5.1.jar:/home/mouad/.m2/repository/net/minidev/accessors-smart/2.5.1/accessors-smart-2.5.1.jar:/home/mouad/.m2/repository/org/ow2/asm/asm/9.6/asm-9.6.jar:/home/mouad/.m2/repository/org/assertj/assertj-core/3.26.3/assertj-core-3.26.3.jar:/home/mouad/.m2/repository/org/awaitility/awaitility/4.2.2/awaitility-4.2.2.jar:/home/mouad/.m2/repository/org/hamcrest/hamcrest/2.2/hamcrest-2.2.jar:/home/mouad/.m2/repository/org/junit/jupiter/junit-jupiter/5.11.3/junit-jupiter-5.11.3.jar:/home/mouad/.m2/repository/org/junit/jupiter/junit-jupiter-params/5.11.3/junit-jupiter-params-5.11.3.jar:/home/mouad/.m2/repository/org/junit/jupiter/junit-jupiter-engine/5.11.3/junit-jupiter-engine-5.11.3.jar:/home/mouad/.m2/repository/org/skyscreamer/jsonassert/1.5.3/jsonassert-1.5.3.jar:/home/mouad/.m2/repository/com/vaadin/external/google/android-json/0.0.20131108.vaadin1/android-json-0.0.20131108.vaadin1.jar:/home/mouad/.m2/repository/org/springframework/spring-core/6.2.0/spring-core-6.2.0.jar:/home/mouad/.m2/repository/org/springframework/spring-jcl/6.2.0/spring-jcl-6.2.0.jar:/home/mouad/.m2/repository/org/springframework/spring-test/6.2.0/spring-test-6.2.0.jar:/home/mouad/.m2/repository/org/xmlunit/xmlunit-core/2.10.0/xmlunit-core-2.10.0.jar:/home/mouad/.m2/repository/org/mockito/mockito-core/5.14.2/mockito-core-5.14.2.jar:/home/mouad/.m2/repository/net/bytebuddy/byte-buddy/1.15.10/byte-buddy-1.15.10.jar:/home/mouad/.m2/repository/net/bytebuddy/byte-buddy-agent/1.15.10/byte-buddy-agent-1.15.10.jar:/home/mouad/.m2/repository/org/objenesis/objenesis/3.3/objenesis-3.3.jar:/home/mouad/.m2/repository/org/mockito/mockito-junit-jupiter/5.14.2/mockito-junit-jupiter-5.14.2.jar:/home/mouad/.m2/repository/org/junit/jupiter/junit-jupiter-api/5.11.3/junit-jupiter-api-5.11.3.jar:/home/mouad/.m2/repository/org/opentest4j/opentest4j/1.3.0/opentest4j-1.3.0.jar:/home/mouad/.m2/repository/org/junit/platform/junit-platform-commons/1.11.3/junit-platform-commons-1.11.3.jar:/home/mouad/.m2/repository/org/apiguardian/apiguardian-api/1.1.2/apiguardian-api-1.1.2.jar:/home/mouad/.m2/repository/org/springframework/boot/spring-boot-starter-security/3.4.0/spring-boot-starter-security-3.4.0.jar:/home/mouad/.m2/repository/org/springframework/spring-aop/6.2.0/spring-aop-6.2.0.jar:/home/mouad/.m2/repository/org/springframework/security/spring-security-config/6.4.1/spring-security-config-6.4.1.jar:/home/mouad/.m2/repository/org/springframework/security/spring-security-core/6.4.1/spring-security-core-6.4.1.jar:/home/mouad/.m2/repository/org/springframework/security/spring-security-crypto/6.4.1/spring-security-crypto-6.4.1.jar:/home/mouad/.m2/repository/org/springframework/security/spring-security-web/6.4.1/spring-security-web-6.4.1.jar:/home/mouad/.m2/repository/org/springframework/kafka/spring-kafka-test/3.3.0/spring-kafka-test-3.3.0.jar:/home/mouad/.m2/repository/org/apache/zookeeper/zookeeper/3.8.4/zookeeper-3.8.4.jar:/home/mouad/.m2/repository/org/apache/zookeeper/zookeeper-jute/3.8.4/zookeeper-jute-3.8.4.jar:/home/mouad/.m2/repository/org/apache/yetus/audience-annotations/0.12.0/audience-annotations-0.12.0.jar:/home/mouad/.m2/repository/io/netty/netty-handler/4.1.115.Final/netty-handler-4.1.115.Final.jar:/home/mouad/.m2/repository/io/netty/netty-common/4.1.115.Final/netty-common-4.1.115.Final.jar:/home/mouad/.m2/repository/io/netty/netty-resolver/4.1.115.Final/netty-resolver-4.1.115.Final.jar:/home/mouad/.m2/repository/io/netty/netty-buffer/4.1.115.Final/netty-buffer-4.1.115.Final.jar:/home/mouad/.m2/repository/io/netty/netty-transport/4.1.115.Final/netty-transport-4.1.115.Final.jar:/home/mouad/.m2/repository/io/netty/netty-transport-native-unix-common/4.1.115.Final/netty-transport-native-unix-common-4.1.115.Final.jar:/home/mouad/.m2/repository/io/netty/netty-codec/4.1.115.Final/netty-codec-4.1.115.Final.jar:/home/mouad/.m2/repository/io/netty/netty-transport-native-epoll/4.1.115.Final/netty-transport-native-epoll-4.1.115.Final.jar:/home/mouad/.m2/repository/io/netty/netty-transport-classes-epoll/4.1.115.Final/netty-transport-classes-epoll-4.1.115.Final.jar:/home/mouad/.m2/repository/ch/qos/logback/logback-core/1.5.12/logback-core-1.5.12.jar:/home/mouad/.m2/repository/ch/qos/logback/logback-classic/1.5.12/logback-classic-1.5.12.jar:/home/mouad/.m2/repository/commons-io/commons-io/2.11.0/commons-io-2.11.0.jar:/home/mouad/.m2/repository/org/apache/kafka/kafka-clients/3.8.1/kafka-clients-3.8.1-test.jar:/home/mouad/.m2/repository/org/apache/kafka/kafka-metadata/3.8.1/kafka-metadata-3.8.1.jar:/home/mouad/.m2/repository/org/apache/kafka/kafka-raft/3.8.1/kafka-raft-3.8.1.jar:/home/mouad/.m2/repository/com/yammer/metrics/metrics-core/2.2.0/metrics-core-2.2.0.jar:/home/mouad/.m2/repository/org/apache/kafka/kafka-server-common/3.8.1/kafka-server-common-3.8.1.jar:/home/mouad/.m2/repository/net/sf/jopt-simple/jopt-simple/5.0.4/jopt-simple-5.0.4.jar:/home/mouad/.m2/repository/org/pcollections/pcollections/4.0.1/pcollections-4.0.1.jar:/home/mouad/.m2/repository/org/apache/kafka/kafka-server-common/3.8.1/kafka-server-common-3.8.1-test.jar:/home/mouad/.m2/repository/org/apache/kafka/kafka-streams-test-utils/3.8.1/kafka-streams-test-utils-3.8.1.jar:/home/mouad/.m2/repository/org/apache/kafka/kafka-streams/3.8.1/kafka-streams-3.8.1.jar:/home/mouad/.m2/repository/org/rocksdb/rocksdbjni/7.9.2/rocksdbjni-7.9.2.jar:/home/mouad/.m2/repository/org/apache/kafka/kafka_2.13/3.8.1/kafka_2.13-3.8.1.jar:/home/mouad/.m2/repository/org/scala-lang/scala-library/2.13.14/scala-library-2.13.14.jar:/home/mouad/.m2/repository/org/apache/kafka/kafka-group-coordinator-api/3.8.1/kafka-group-coordinator-api-3.8.1.jar:/home/mouad/.m2/repository/org/apache/kafka/kafka-group-coordinator/3.8.1/kafka-group-coordinator-3.8.1.jar:/home/mouad/.m2/repository/org/apache/kafka/kafka-transaction-coordinator/3.8.1/kafka-transaction-coordinator-3.8.1.jar:/home/mouad/.m2/repository/org/apache/kafka/kafka-storage-api/3.8.1/kafka-storage-api-3.8.1.jar:/home/mouad/.m2/repository/org/apache/kafka/kafka-tools-api/3.8.1/kafka-tools-api-3.8.1.jar:/home/mouad/.m2/repository/org/apache/kafka/kafka-storage/3.8.1/kafka-storage-3.8.1.jar:/home/mouad/.m2/repository/com/github/ben-manes/caffeine/caffeine/3.1.8/caffeine-3.1.8.jar:/home/mouad/.m2/repository/org/checkerframework/checker-qual/3.37.0/checker-qual-3.37.0.jar:/home/mouad/.m2/repository/com/google/errorprone/error_prone_annotations/2.21.1/error_prone_annotations-2.21.1.jar:/home/mouad/.m2/repository/org/apache/kafka/kafka-server/3.8.1/kafka-server-3.8.1.jar:/home/mouad/.m2/repository/net/sourceforge/argparse4j/argparse4j/0.7.0/argparse4j-0.7.0.jar:/home/mouad/.m2/repository/commons-validator/commons-validator/1.7/commons-validator-1.7.jar:/home/mouad/.m2/repository/commons-beanutils/commons-beanutils/1.9.4/commons-beanutils-1.9.4.jar:/home/mouad/.m2/repository/commons-digester/commons-digester/2.1/commons-digester-2.1.jar:/home/mouad/.m2/repository/commons-collections/commons-collections/3.2.2/commons-collections-3.2.2.jar:/home/mouad/.m2/repository/com/fasterxml/jackson/module/jackson-module-scala_2.13/2.18.1/jackson-module-scala_2.13-2.18.1.jar:/home/mouad/.m2/repository/com/thoughtworks/paranamer/paranamer/2.8/paranamer-2.8.jar:/home/mouad/.m2/repository/com/fasterxml/jackson/dataformat/jackson-dataformat-csv/2.18.1/jackson-dataformat-csv-2.18.1.jar:/home/mouad/.m2/repository/org/bitbucket/b_c/jose4j/0.9.4/jose4j-0.9.4.jar:/home/mouad/.m2/repository/org/scala-lang/modules/scala-collection-compat_2.13/2.10.0/scala-collection-compat_2.13-2.10.0.jar:/home/mouad/.m2/repository/org/scala-lang/modules/scala-java8-compat_2.13/1.0.2/scala-java8-compat_2.13-1.0.2.jar:/home/mouad/.m2/repository/org/scala-lang/scala-reflect/2.13.14/scala-reflect-2.13.14.jar:/home/mouad/.m2/repository/com/typesafe/scala-logging/scala-logging_2.13/3.9.4/scala-logging_2.13-3.9.4.jar:/home/mouad/.m2/repository/io/dropwizard/metrics/metrics-core/4.1.12.1/metrics-core-4.1.12.1.jar:/home/mouad/.m2/repository/commons-cli/commons-cli/1.4/commons-cli-1.4.jar:/home/mouad/.m2/repository/org/apache/kafka/kafka_2.13/3.8.1/kafka_2.13-3.8.1-test.jar:/home/mouad/.m2/repository/org/junit/platform/junit-platform-launcher/1.11.3/junit-platform-launcher-1.11.3.jar:/home/mouad/.m2/repository/org/junit/platform/junit-platform-engine/1.11.3/junit-platform-engine-1.11.3.jar:/home/mouad/.m2/repository/com/banque/events-lib/1.0-SNAPSHOT/events-lib-1.0-SNAPSHOT.jar:/home/mouad/.m2/repository/com/fasterxml/jackson/core/jackson-databind/2.18.1/jackson-databind-2.18.1.jar:/home/mouad/.m2/repository/com/fasterxml/jackson/core/jackson-annotations/2.18.1/jackson-annotations-2.18.1.jar:/home/mouad/.m2/repository/com/fasterxml/jackson/core/jackson-core/2.18.1/jackson-core-2.18.1.jar:/home/mouad/.m2/repository/com/fasterxml/jackson/datatype/jackson-datatype-jsr310/2.18.1/jackson-datatype-jsr310-2.18.1.jar:"/>
    <property name="java.vm.vendor" value="Ubuntu"/>
    <property name="sun.arch.data.model" value="64"/>
    <property name="java.vendor.url" value="https://ubuntu.com/"/>
    <property name="user.timezone" value="Africa/Casablanca"/>
    <property name="org.jboss.logging.provider" value="slf4j"/>
    <property name="os.name" value="Linux"/>
    <property name="java.vm.specification.version" value="21"/>
    <property name="APPLICATION_NAME" value="Users_microservice"/>
    <property name="sun.java.launcher" value="SUN_STANDARD"/>
    <property name="user.country" value="US"/>
    <property name="sun.boot.library.path" value="/usr/lib/jvm/java-21-openjdk-amd64/lib"/>
    <property name="sun.java.command" value="/home/mouad/Projet-Fin-Tech/User-microservice/target/surefire/surefirebooter-20250103032902654_3.jar /home/mouad/Projet-Fin-Tech/User-microservice/target/surefire 2025-01-03T03-29-02_571-jvmRun1 surefire-20250103032902654_1tmp surefire_0-20250103032902654_2tmp"/>
    <property name="jdk.debug" value="release"/>
    <property name="surefire.test.class.path" value="/home/mouad/Projet-Fin-Tech/User-microservice/target/test-classes:/home/mouad/Projet-Fin-Tech/User-microservice/target/classes:/home/mouad/.m2/repository/org/springframework/boot/spring-boot-starter-data-jpa/3.4.0/spring-boot-starter-data-jpa-3.4.0.jar:/home/mouad/.m2/repository/org/springframework/boot/spring-boot-starter/3.4.0/spring-boot-starter-3.4.0.jar:/home/mouad/.m2/repository/org/springframework/boot/spring-boot/3.4.0/spring-boot-3.4.0.jar:/home/mouad/.m2/repository/org/springframework/boot/spring-boot-autoconfigure/3.4.0/spring-boot-autoconfigure-3.4.0.jar:/home/mouad/.m2/repository/org/springframework/boot/spring-boot-starter-logging/3.4.0/spring-boot-starter-logging-3.4.0.jar:/home/mouad/.m2/repository/org/apache/logging/log4j/log4j-to-slf4j/2.24.1/log4j-to-slf4j-2.24.1.jar:/home/mouad/.m2/repository/org/apache/logging/log4j/log4j-api/2.24.1/log4j-api-2.24.1.jar:/home/mouad/.m2/repository/org/slf4j/jul-to-slf4j/2.0.16/jul-to-slf4j-2.0.16.jar:/home/mouad/.m2/repository/jakarta/annotation/jakarta.annotation-api/2.1.1/jakarta.annotation-api-2.1.1.jar:/home/mouad/.m2/repository/org/yaml/snakeyaml/2.3/snakeyaml-2.3.jar:/home/mouad/.m2/repository/org/springframework/boot/spring-boot-starter-jdbc/3.4.0/spring-boot-starter-jdbc-3.4.0.jar:/home/mouad/.m2/repository/com/zaxxer/HikariCP/5.1.0/HikariCP-5.1.0.jar:/home/mouad/.m2/repository/org/springframework/spring-jdbc/6.2.0/spring-jdbc-6.2.0.jar:/home/mouad/.m2/repository/org/hibernate/orm/hibernate-core/6.6.2.Final/hibernate-core-6.6.2.Final.jar:/home/mouad/.m2/repository/jakarta/persistence/jakarta.persistence-api/3.1.0/jakarta.persistence-api-3.1.0.jar:/home/mouad/.m2/repository/jakarta/transaction/jakarta.transaction-api/2.0.1/jakarta.transaction-api-2.0.1.jar:/home/mouad/.m2/repository/org/jboss/logging/jboss-logging/3.6.1.Final/jboss-logging-3.6.1.Final.jar:/home/mouad/.m2/repository/org/hibernate/common/hibernate-commons-annotations/7.0.3.Final/hibernate-commons-annotations-7.0.3.Final.jar:/home/mouad/.m2/repository/io/smallrye/jandex/3.2.0/jandex-3.2.0.jar:/home/mouad/.m2/repository/com/fasterxml/classmate/1.7.0/classmate-1.7.0.jar:/home/mouad/.m2/repository/org/glassfish/jaxb/jaxb-runtime/4.0.5/jaxb-runtime-4.0.5.jar:/home/mouad/.m2/repository/org/glassfish/jaxb/jaxb-core/4.0.5/jaxb-core-4.0.5.jar:/home/mouad/.m2/repository/org/eclipse/angus/angus-activation/2.0.2/angus-activation-2.0.2.jar:/home/mouad/.m2/repository/org/glassfish/jaxb/txw2/4.0.5/txw2-4.0.5.jar:/home/mouad/.m2/repository/com/sun/istack/istack-commons-runtime/4.1.2/istack-commons-runtime-4.1.2.jar:/home/mouad/.m2/repository/jakarta/inject/jakarta.inject-api/2.0.1/jakarta.inject-api-2.0.1.jar:/home/mouad/.m2/repository/org/antlr/antlr4-runtime/4.13.0/antlr4-runtime-4.13.0.jar:/home/mouad/.m2/repository/org/springframework/data/spring-data-jpa/3.4.0/spring-data-jpa-3.4.0.jar:/home/mouad/.m2/repository/org/springframework/data/spring-data-commons/3.4.0/spring-data-commons-3.4.0.jar:/home/mouad/.m2/repository/org/springframework/spring-orm/6.2.0/spring-orm-6.2.0.jar:/home/mouad/.m2/repository/org/springframework/spring-beans/6.2.0/spring-beans-6.2.0.jar:/home/mouad/.m2/repository/org/slf4j/slf4j-api/2.0.16/slf4j-api-2.0.16.jar:/home/mouad/.m2/repository/org/springframework/spring-aspects/6.2.0/spring-aspects-6.2.0.jar:/home/mouad/.m2/repository/org/aspectj/aspectjweaver/1.9.22.1/aspectjweaver-1.9.22.1.jar:/home/mouad/.m2/repository/org/springframework/boot/spring-boot-starter-web/3.4.0/spring-boot-starter-web-3.4.0.jar:/home/mouad/.m2/repository/org/springframework/boot/spring-boot-starter-json/3.4.0/spring-boot-starter-json-3.4.0.jar:/home/mouad/.m2/repository/com/fasterxml/jackson/datatype/jackson-datatype-jdk8/2.18.1/jackson-datatype-jdk8-2.18.1.jar:/home/mouad/.m2/repository/com/fasterxml/jackson/module/jackson-module-parameter-names/2.18.1/jackson-module-parameter-names-2.18.1.jar:/home/mouad/.m2/repository/org/springframework/boot/spring-boot-starter-tomcat/3.4.0/spring-boot-starter-tomcat-3.4.0.jar:/home/mouad/.m2/repository/org/apache/tomcat/embed/tomcat-embed-core/10.1.33/tomcat-embed-core-10.1.33.jar:/home/mouad/.m2/repository/org/apache/tomcat/embed/tomcat-embed-el/10.1.33/tomcat-embed-el-10.1.33.jar:/home/mouad/.m2/repository/org/apache/tomcat/embed/tomcat-embed-websocket/10.1.33/tomcat-embed-websocket-10.1.33.jar:/home/mouad/.m2/repository/org/springframework/spring-web/6.2.0/spring-web-6.2.0.jar:/home/mouad/.m2/repository/org/springframework/spring-webmvc/6.2.0/spring-webmvc-6.2.0.jar:/home/mouad/.m2/repository/org/springframework/spring-expression/6.2.0/spring-expression-6.2.0.jar:/home/mouad/.m2/repository/org/springframework/kafka/spring-kafka/3.3.0/spring-kafka-3.3.0.jar:/home/mouad/.m2/repository/org/springframework/spring-context/6.2.0/spring-context-6.2.0.jar:/home/mouad/.m2/repository/org/springframework/spring-messaging/6.2.0/spring-messaging-6.2.0.jar:/home/mouad/.m2/repository/org/springframework/spring-tx/6.2.0/spring-tx-6.2.0.jar:/home/mouad/.m2/repository/org/springframework/retry/spring-retry/2.0.10/spring-retry-2.0.10.jar:/home/mouad/.m2/repository/org/apache/kafka/kafka-clients/3.8.1/kafka-clients-3.8.1.jar:/home/mouad/.m2/repository/com/github/luben/zstd-jni/1.5.6-4/zstd-jni-1.5.6-4.jar:/home/mouad/.m2/repository/org/lz4/lz4-java/1.8.0/lz4-java-1.8.0.jar:/home/mouad/.m2/repository/org/xerial/snappy/snappy-java/1.1.10.5/snappy-java-1.1.10.5.jar:/home/mouad/.m2/repository/io/micrometer/micrometer-observation/1.14.1/micrometer-observation-1.14.1.jar:/home/mouad/.m2/repository/io/micrometer/micrometer-commons/1.14.1/micrometer-commons-1.14.1.jar:/home/mouad/.m2/repository/com/h2database/h2/2.3.232/h2-2.3.232.jar:/home/mouad/.m2/repository/com/mysql/mysql-connector-j/9.1.0/mysql-connector-j-9.1.0.jar:/home/mouad/.m2/repository/org/projectlombok/lombok/1.18.36/lombok-1.18.36.jar:/home/mouad/.m2/repository/org/springframework/boot/spring-boot-starter-test/3.4.0/spring-boot-starter-test-3.4.0.jar:/home/mouad/.m2/repository/org/springframework/boot/spring-boot-test/3.4.0/spring-boot-test-3.4.0.jar:/home/mouad/.m2/repository/org/springframework/boot/spring-boot-test-autoconfigure/3.4.0/spring-boot-test-autoconfigure-3.4.0.jar:/home/mouad/.m2/repository/com/jayway/jsonpath/json-path/2.9.0/json-path-2.9.0.jar:/home/mouad/.m2/repository/jakarta/xml/bind/jakarta.xml.bind-api/4.0.2/jakarta.xml.bind-api-4.0.2.jar:/home/mouad/.m2/repository/jakarta/activation/jakarta.activation-api/2.1.3/jakarta.activation-api-2.1.3.jar:/home/mouad/.m2/repository/net/minidev/json-smart/2.5.1/json-smart-2.5.1.jar:/home/mouad/.m2/repository/net/minidev/accessors-smart/2.5.1/accessors-smart-2.5.1.jar:/home/mouad/.m2/repository/org/ow2/asm/asm/9.6/asm-9.6.jar:/home/mouad/.m2/repository/org/assertj/assertj-core/3.26.3/assertj-core-3.26.3.jar:/home/mouad/.m2/repository/org/awaitility/awaitility/4.2.2/awaitility-4.2.2.jar:/home/mouad/.m2/repository/org/hamcrest/hamcrest/2.2/hamcrest-2.2.jar:/home/mouad/.m2/repository/org/junit/jupiter/junit-jupiter/5.11.3/junit-jupiter-5.11.3.jar:/home/mouad/.m2/repository/org/junit/jupiter/junit-jupiter-params/5.11.3/junit-jupiter-params-5.11.3.jar:/home/mouad/.m2/repository/org/junit/jupiter/junit-jupiter-engine/5.11.3/junit-jupiter-engine-5.11.3.jar:/home/mouad/.m2/repository/org/skyscreamer/jsonassert/1.5.3/jsonassert-1.5.3.jar:/home/mouad/.m2/repository/com/vaadin/external/google/android-json/0.0.20131108.vaadin1/android-json-0.0.20131108.vaadin1.jar:/home/mouad/.m2/repository/org/springframework/spring-core/6.2.0/spring-core-6.2.0.jar:/home/mouad/.m2/repository/org/springframework/spring-jcl/6.2.0/spring-jcl-6.2.0.jar:/home/mouad/.m2/repository/org/springframework/spring-test/6.2.0/spring-test-6.2.0.jar:/home/mouad/.m2/repository/org/xmlunit/xmlunit-core/2.10.0/xmlunit-core-2.10.0.jar:/home/mouad/.m2/repository/org/mockito/mockito-core/5.14.2/mockito-core-5.14.2.jar:/home/mouad/.m2/repository/net/bytebuddy/byte-buddy/1.15.10/byte-buddy-1.15.10.jar:/home/mouad/.m2/repository/net/bytebuddy/byte-buddy-agent/1.15.10/byte-buddy-agent-1.15.10.jar:/home/mouad/.m2/repository/org/objenesis/objenesis/3.3/objenesis-3.3.jar:/home/mouad/.m2/repository/org/mockito/mockito-junit-jupiter/5.14.2/mockito-junit-jupiter-5.14.2.jar:/home/mouad/.m2/repository/org/junit/jupiter/junit-jupiter-api/5.11.3/junit-jupiter-api-5.11.3.jar:/home/mouad/.m2/repository/org/opentest4j/opentest4j/1.3.0/opentest4j-1.3.0.jar:/home/mouad/.m2/repository/org/junit/platform/junit-platform-commons/1.11.3/junit-platform-commons-1.11.3.jar:/home/mouad/.m2/repository/org/apiguardian/apiguardian-api/1.1.2/apiguardian-api-1.1.2.jar:/home/mouad/.m2/repository/org/springframework/boot/spring-boot-starter-security/3.4.0/spring-boot-starter-security-3.4.0.jar:/home/mouad/.m2/repository/org/springframework/spring-aop/6.2.0/spring-aop-6.2.0.jar:/home/mouad/.m2/repository/org/springframework/security/spring-security-config/6.4.1/spring-security-config-6.4.1.jar:/home/mouad/.m2/repository/org/springframework/security/spring-security-core/6.4.1/spring-security-core-6.4.1.jar:/home/mouad/.m2/repository/org/springframework/security/spring-security-crypto/6.4.1/spring-security-crypto-6.4.1.jar:/home/mouad/.m2/repository/org/springframework/security/spring-security-web/6.4.1/spring-security-web-6.4.1.jar:/home/mouad/.m2/repository/org/springframework/kafka/spring-kafka-test/3.3.0/spring-kafka-test-3.3.0.jar:/home/mouad/.m2/repository/org/apache/zookeeper/zookeeper/3.8.4/zookeeper-3.8.4.jar:/home/mouad/.m2/repository/org/apache/zookeeper/zookeeper-jute/3.8.4/zookeeper-jute-3.8.4.jar:/home/mouad/.m2/repository/org/apache/yetus/audience-annotations/0.12.0/audience-annotations-0.12.0.jar:/home/mouad/.m2/repository/io/netty/netty-handler/4.1.115.Final/netty-handler-4.1.115.Final.jar:/home/mouad/.m2/repository/io/netty/netty-common/4.1.115.Final/netty-common-4.1.115.Final.jar:/home/mouad/.m2/repository/io/netty/netty-resolver/4.1.115.Final/netty-resolver-4.1.115.Final.jar:/home/mouad/.m2/repository/io/netty/netty-buffer/4.1.115.Final/netty-buffer-4.1.115.Final.jar:/home/mouad/.m2/repository/io/netty/netty-transport/4.1.115.Final/netty-transport-4.1.115.Final.jar:/home/mouad/.m2/repository/io/netty/netty-transport-native-unix-common/4.1.115.Final/netty-transport-native-unix-common-4.1.115.Final.jar:/home/mouad/.m2/repository/io/netty/netty-codec/4.1.115.Final/netty-codec-4.1.115.Final.jar:/home/mouad/.m2/repository/io/netty/netty-transport-native-epoll/4.1.115.Final/netty-transport-native-epoll-4.1.115.Final.jar:/home/mouad/.m2/repository/io/netty/netty-transport-classes-epoll/4.1.115.Final/netty-transport-classes-epoll-4.1.115.Final.jar:/home/mouad/.m2/repository/ch/qos/logback/logback-core/1.5.12/logback-core-1.5.12.jar:/home/mouad/.m2/repository/ch/qos/logback/logback-classic/1.5.12/logback-classic-1.5.12.jar:/home/mouad/.m2/repository/commons-io/commons-io/2.11.0/commons-io-2.11.0.jar:/home/mouad/.m2/repository/org/apache/kafka/kafka-clients/3.8.1/kafka-clients-3.8.1-test.jar:/home/mouad/.m2/repository/org/apache/kafka/kafka-metadata/3.8.1/kafka-metadata-3.8.1.jar:/home/mouad/.m2/repository/org/apache/kafka/kafka-raft/3.8.1/kafka-raft-3.8.1.jar:/home/mouad/.m2/repository/com/yammer/metrics/metrics-core/2.2.0/metrics-core-2.2.0.jar:/home/mouad/.m2/repository/org/apache/kafka/kafka-server-common/3.8.1/kafka-server-common-3.8.1.jar:/home/mouad/.m2/repository/net/sf/jopt-simple/jopt-simple/5.0.4/jopt-simple-5.0.4.jar:/home/mouad/.m2/repository/org/pcollections/pcollections/4.0.1/pcollections-4.0.1.jar:/home/mouad/.m2/repository/org/apache/kafka/kafka-server-common/3.8.1/kafka-server-common-3.8.1-test.jar:/home/mouad/.m2/repository/org/apache/kafka/kafka-streams-test-utils/3.8.1/kafka-streams-test-utils-3.8.1.jar:/home/mouad/.m2/repository/org/apache/kafka/kafka-streams/3.8.1/kafka-streams-3.8.1.jar:/home/mouad/.m2/repository/org/rocksdb/rocksdbjni/7.9.2/rocksdbjni-7.9.2.jar:/home/mouad/.m2/repository/org/apache/kafka/kafka_2.13/3.8.1/kafka_2.13-3.8.1.jar:/home/mouad/.m2/repository/org/scala-lang/scala-library/2.13.14/scala-library-2.13.14.jar:/home/mouad/.m2/repository/org/apache/kafka/kafka-group-coordinator-api/3.8.1/kafka-group-coordinator-api-3.8.1.jar:/home/mouad/.m2/repository/org/apache/kafka/kafka-group-coordinator/3.8.1/kafka-group-coordinator-3.8.1.jar:/home/mouad/.m2/repository/org/apache/kafka/kafka-transaction-coordinator/3.8.1/kafka-transaction-coordinator-3.8.1.jar:/home/mouad/.m2/repository/org/apache/kafka/kafka-storage-api/3.8.1/kafka-storage-api-3.8.1.jar:/home/mouad/.m2/repository/org/apache/kafka/kafka-tools-api/3.8.1/kafka-tools-api-3.8.1.jar:/home/mouad/.m2/repository/org/apache/kafka/kafka-storage/3.8.1/kafka-storage-3.8.1.jar:/home/mouad/.m2/repository/com/github/ben-manes/caffeine/caffeine/3.1.8/caffeine-3.1.8.jar:/home/mouad/.m2/repository/org/checkerframework/checker-qual/3.37.0/checker-qual-3.37.0.jar:/home/mouad/.m2/repository/com/google/errorprone/error_prone_annotations/2.21.1/error_prone_annotations-2.21.1.jar:/home/mouad/.m2/repository/org/apache/kafka/kafka-server/3.8.1/kafka-server-3.8.1.jar:/home/mouad/.m2/repository/net/sourceforge/argparse4j/argparse4j/0.7.0/argparse4j-0.7.0.jar:/home/mouad/.m2/repository/commons-validator/commons-validator/1.7/commons-validator-1.7.jar:/home/mouad/.m2/repository/commons-beanutils/commons-beanutils/1.9.4/commons-beanutils-1.9.4.jar:/home/mouad/.m2/repository/commons-digester/commons-digester/2.1/commons-digester-2.1.jar:/home/mouad/.m2/repository/commons-collections/commons-collections/3.2.2/commons-collections-3.2.2.jar:/home/mouad/.m2/repository/com/fasterxml/jackson/module/jackson-module-scala_2.13/2.18.1/jackson-module-scala_2.13-2.18.1.jar:/home/mouad/.m2/repository/com/thoughtworks/paranamer/paranamer/2.8/paranamer-2.8.jar:/home/mouad/.m2/repository/com/fasterxml/jackson/dataformat/jackson-dataformat-csv/2.18.1/jackson-dataformat-csv-2.18.1.jar:/home/mouad/.m2/repository/org/bitbucket/b_c/jose4j/0.9.4/jose4j-0.9.4.jar:/home/mouad/.m2/repository/org/scala-lang/modules/scala-collection-compat_2.13/2.10.0/scala-collection-compat_2.13-2.10.0.jar:/home/mouad/.m2/repository/org/scala-lang/modules/scala-java8-compat_2.13/1.0.2/scala-java8-compat_2.13-1.0.2.jar:/home/mouad/.m2/repository/org/scala-lang/scala-reflect/2.13.14/scala-reflect-2.13.14.jar:/home/mouad/.m2/repository/com/typesafe/scala-logging/scala-logging_2.13/3.9.4/scala-logging_2.13-3.9.4.jar:/home/mouad/.m2/repository/io/dropwizard/metrics/metrics-core/4.1.12.1/metrics-core-4.1.12.1.jar:/home/mouad/.m2/repository/commons-cli/commons-cli/1.4/commons-cli-1.4.jar:/home/mouad/.m2/repository/org/apache/kafka/kafka_2.13/3.8.1/kafka_2.13-3.8.1-test.jar:/home/mouad/.m2/repository/org/junit/platform/junit-platform-launcher/1.11.3/junit-platform-launcher-1.11.3.jar:/home/mouad/.m2/repository/org/junit/platform/junit-platform-engine/1.11.3/junit-platform-engine-1.11.3.jar:/home/mouad/.m2/repository/com/banque/events-lib/1.0-SNAPSHOT/events-lib-1.0-SNAPSHOT.jar:/home/mouad/.m2/repository/com/fasterxml/jackson/core/jackson-databind/2.18.1/jackson-databind-2.18.1.jar:/home/mouad/.m2/repository/com/fasterxml/jackson/core/jackson-annotations/2.18.1/jackson-annotations-2.18.1.jar:/home/mouad/.m2/repository/com/fasterxml/jackson/core/jackson-core/2.18.1/jackson-core-2.18.1.jar:/home/mouad/.m2/repository/com/fasterxml/jackson/datatype/jackson-datatype-jsr310/2.18.1/jackson-datatype-jsr310-2.18.1.jar:"/>
    <property name="sun.cpu.endian" value="little"/>
    <property name="user.home" value="/home/mouad"/>
    <property name="user.language" value="en"/>
    <property name="java.specification.vendor" value="Oracle Corporation"/>
    <property name="java.version.date" value="2024-10-15"/>
    <property name="java.home" value="/usr/lib/jvm/java-21-openjdk-amd64"/>
    <property name="file.separator" value="/"/>
    <property name="basedir" value="/home/mouad/Projet-Fin-Tech/User-microservice"/>
    <property name="java.vm.compressedOopsMode" value="32-bit"/>
    <property name="line.separator" value="&#10;"/>
    <property name="java.vm.specification.vendor" value="Oracle Corporation"/>
    <property name="java.specification.name" value="Java Platform API Specification"/>
    <property name="FILE_LOG_CHARSET" value="UTF-8"/>
    <property name="java.awt.headless" value="true"/>
    <property name="surefire.real.class.path" value="/home/mouad/Projet-Fin-Tech/User-microservice/target/surefire/surefirebooter-20250103032902654_3.jar"/>
    <property name="sun.management.compiler" value="HotSpot 64-Bit Tiered Compilers"/>
    <property name="java.runtime.version" value="21.0.5+11-Ubuntu-1ubuntu124.04"/>
    <property name="user.name" value="mouad"/>
    <property name="stdout.encoding" value="UTF-8"/>
    <property name="path.separator" value=":"/>
    <property name="os.version" value="6.8.0-51-generic"/>
    <property name="java.runtime.name" value="OpenJDK Runtime Environment"/>
    <property name="file.encoding" value="UTF-8"/>
    <property name="java.vm.name" value="OpenJDK 64-Bit Server VM"/>
    <property name="localRepository" value="/home/mouad/.m2/repository"/>
    <property name="java.vendor.url.bug" value="https://bugs.launchpad.net/ubuntu/+source/openjdk-21"/>
    <property name="java.io.tmpdir" value="/tmp"/>
    <property name="com.zaxxer.hikari.pool_number" value="1"/>
    <property name="java.version" value="21.0.5"/>
    <property name="user.dir" value="/home/mouad/Projet-Fin-Tech/User-microservice"/>
    <property name="os.arch" value="amd64"/>
    <property name="java.vm.specification.name" value="Java Virtual Machine Specification"/>
    <property name="PID" value="122812"/>
    <property name="CONSOLE_LOG_CHARSET" value="UTF-8"/>
    <property name="native.encoding" value="UTF-8"/>
    <property name="java.library.path" value="/opt/oracle/instantclient_23_5::/usr/java/packages/lib:/usr/lib/x86_64-linux-gnu/jni:/lib/x86_64-linux-gnu:/usr/lib/x86_64-linux-gnu:/usr/lib/jni:/lib:/usr/lib"/>
    <property name="java.vm.info" value="mixed mode, sharing"/>
    <property name="stderr.encoding" value="UTF-8"/>
    <property name="java.vendor" value="Ubuntu"/>
    <property name="java.vm.version" value="21.0.5+11-Ubuntu-1ubuntu124.04"/>
    <property name="sun.io.unicode.encoding" value="UnicodeLittle"/>
    <property name="java.class.version" value="65.0"/>
    <property name="LOGGED_APPLICATION_NAME" value="[Users_microservice] "/>
  </properties>
  <testcase name="updateClient_should_return_not_found_when_not_exist" classname="com.banque.users_microservice.controller.ClientControllerIT" time="0.037">
    <system-out><![CDATA[2025-01-03T03:29:08.767+01:00  INFO 122812 --- [Users_microservice] [           main] t.c.s.AnnotationConfigContextLoaderUtils : Could not detect default configuration classes for test class [com.banque.users_microservice.controller.ClientControllerIT]: ClientControllerIT does not declare any static, non-private, non-final, nested classes annotated with @Configuration.
2025-01-03T03:29:08.772+01:00  INFO 122812 --- [Users_microservice] [           main] .b.t.c.SpringBootTestContextBootstrapper : Found @SpringBootConfiguration com.banque.users_microservice.UsersMicroserviceApplication for test class com.banque.users_microservice.controller.ClientControllerIT
]]></system-out>
  </testcase>
  <testcase name="getClientById_should_return_client_when_exist" classname="com.banque.users_microservice.controller.ClientControllerIT" time="0.015">
    <error message="Row was updated or deleted by another transaction (or unsaved-value mapping was incorrect): [com.banque.users_microservice.entity.Client#27fdce6a-682a-4939-8a49-4b19fc9a680c]" type="org.springframework.orm.ObjectOptimisticLockingFailureException"><![CDATA[org.springframework.orm.ObjectOptimisticLockingFailureException: Row was updated or deleted by another transaction (or unsaved-value mapping was incorrect): [com.banque.users_microservice.entity.Client#27fdce6a-682a-4939-8a49-4b19fc9a680c]
	at org.springframework.orm.jpa.vendor.HibernateJpaDialect.convertHibernateAccessException(HibernateJpaDialect.java:325)
	at org.springframework.orm.jpa.vendor.HibernateJpaDialect.translateExceptionIfPossible(HibernateJpaDialect.java:244)
	at org.springframework.orm.jpa.AbstractEntityManagerFactoryBean.translateExceptionIfPossible(AbstractEntityManagerFactoryBean.java:560)
	at org.springframework.dao.support.ChainedPersistenceExceptionTranslator.translateExceptionIfPossible(ChainedPersistenceExceptionTranslator.java:61)
	at org.springframework.dao.support.DataAccessUtils.translateIfNecessary(DataAccessUtils.java:343)
	at org.springframework.dao.support.PersistenceExceptionTranslationInterceptor.invoke(PersistenceExceptionTranslationInterceptor.java:160)
	at org.springframework.aop.framework.ReflectiveMethodInvocation.proceed(ReflectiveMethodInvocation.java:184)
	at org.springframework.data.jpa.repository.support.CrudMethodMetadataPostProcessor$CrudMethodMetadataPopulatingMethodInterceptor.invoke(CrudMethodMetadataPostProcessor.java:165)
	at org.springframework.aop.framework.ReflectiveMethodInvocation.proceed(ReflectiveMethodInvocation.java:184)
	at org.springframework.aop.framework.JdkDynamicAopProxy.invoke(JdkDynamicAopProxy.java:223)
	at jdk.proxy2/jdk.proxy2.$Proxy127.save(Unknown Source)
	at com.banque.users_microservice.controller.ClientControllerIT.getClientById_should_return_client_when_exist(ClientControllerIT.java:60)
	at java.base/java.lang.reflect.Method.invoke(Method.java:580)
	at java.base/java.util.ArrayList.forEach(ArrayList.java:1596)
	at java.base/java.util.ArrayList.forEach(ArrayList.java:1596)
Caused by: org.hibernate.StaleObjectStateException: Row was updated or deleted by another transaction (or unsaved-value mapping was incorrect): [com.banque.users_microservice.entity.Client#27fdce6a-682a-4939-8a49-4b19fc9a680c]
	at org.hibernate.event.internal.DefaultMergeEventListener.entityIsDetached(DefaultMergeEventListener.java:426)
	at org.hibernate.event.internal.DefaultMergeEventListener.merge(DefaultMergeEventListener.java:214)
	at org.hibernate.event.internal.DefaultMergeEventListener.doMerge(DefaultMergeEventListener.java:152)
	at org.hibernate.event.internal.DefaultMergeEventListener.onMerge(DefaultMergeEventListener.java:136)
	at org.hibernate.event.internal.DefaultMergeEventListener.onMerge(DefaultMergeEventListener.java:89)
	at org.hibernate.event.service.internal.EventListenerGroupImpl.fireEventOnEachListener(EventListenerGroupImpl.java:127)
	at org.hibernate.internal.SessionImpl.fireMerge(SessionImpl.java:854)
	at org.hibernate.internal.SessionImpl.merge(SessionImpl.java:840)
	at java.base/jdk.internal.reflect.DirectMethodHandleAccessor.invoke(DirectMethodHandleAccessor.java:103)
	at java.base/java.lang.reflect.Method.invoke(Method.java:580)
	at org.springframework.orm.jpa.SharedEntityManagerCreator$SharedEntityManagerInvocationHandler.invoke(SharedEntityManagerCreator.java:320)
	at jdk.proxy2/jdk.proxy2.$Proxy122.merge(Unknown Source)
	at org.springframework.data.jpa.repository.support.SimpleJpaRepository.save(SimpleJpaRepository.java:626)
	at java.base/jdk.internal.reflect.DirectMethodHandleAccessor.invoke(DirectMethodHandleAccessor.java:103)
	at java.base/java.lang.reflect.Method.invoke(Method.java:580)
	at org.springframework.aop.support.AopUtils.invokeJoinpointUsingReflection(AopUtils.java:359)
	at org.springframework.data.repository.core.support.RepositoryMethodInvoker$RepositoryFragmentMethodInvoker.lambda$new$0(RepositoryMethodInvoker.java:277)
	at org.springframework.data.repository.core.support.RepositoryMethodInvoker.doInvoke(RepositoryMethodInvoker.java:170)
	at org.springframework.data.repository.core.support.RepositoryMethodInvoker.invoke(RepositoryMethodInvoker.java:158)
	at org.springframework.data.repository.core.support.RepositoryComposition$RepositoryFragments.invoke(RepositoryComposition.java:515)
	at org.springframework.data.repository.core.support.RepositoryComposition.invoke(RepositoryComposition.java:284)
	at org.springframework.data.repository.core.support.RepositoryFactorySupport$ImplementationMethodExecutionInterceptor.invoke(RepositoryFactorySupport.java:752)
	at org.springframework.aop.framework.ReflectiveMethodInvocation.proceed(ReflectiveMethodInvocation.java:184)
	at org.springframework.data.repository.core.support.QueryExecutorMethodInterceptor.doInvoke(QueryExecutorMethodInterceptor.java:174)
	at org.springframework.data.repository.core.support.QueryExecutorMethodInterceptor.invoke(QueryExecutorMethodInterceptor.java:149)
	at org.springframework.aop.framework.ReflectiveMethodInvocation.proceed(ReflectiveMethodInvocation.java:184)
	at org.springframework.data.projection.DefaultMethodInvokingMethodInterceptor.invoke(DefaultMethodInvokingMethodInterceptor.java:69)
	at org.springframework.aop.framework.ReflectiveMethodInvocation.proceed(ReflectiveMethodInvocation.java:184)
	at org.springframework.transaction.interceptor.TransactionAspectSupport.invokeWithinTransaction(TransactionAspectSupport.java:380)
	at org.springframework.transaction.interceptor.TransactionInterceptor.invoke(TransactionInterceptor.java:119)
	at org.springframework.aop.framework.ReflectiveMethodInvocation.proceed(ReflectiveMethodInvocation.java:184)
	at org.springframework.dao.support.PersistenceExceptionTranslationInterceptor.invoke(PersistenceExceptionTranslationInterceptor.java:138)
	... 9 more
]]></error>
  </testcase>
  <testcase name="createClient_should_return_created_client" classname="com.banque.users_microservice.controller.ClientControllerIT" time="60.36">
    <error message="Request processing failed: org.springframework.kafka.KafkaException: Send failed" type="jakarta.servlet.ServletException"><![CDATA[jakarta.servlet.ServletException: Request processing failed: org.springframework.kafka.KafkaException: Send failed
	at org.springframework.web.servlet.FrameworkServlet.processRequest(FrameworkServlet.java:1022)
	at org.springframework.web.servlet.FrameworkServlet.doPost(FrameworkServlet.java:914)
	at jakarta.servlet.http.HttpServlet.service(HttpServlet.java:590)
	at org.springframework.web.servlet.FrameworkServlet.service(FrameworkServlet.java:885)
	at org.springframework.test.web.servlet.TestDispatcherServlet.service(TestDispatcherServlet.java:72)
	at jakarta.servlet.http.HttpServlet.service(HttpServlet.java:658)
	at org.springframework.mock.web.MockFilterChain$ServletFilterProxy.doFilter(MockFilterChain.java:165)
	at org.springframework.mock.web.MockFilterChain.doFilter(MockFilterChain.java:132)
	at org.springframework.web.filter.RequestContextFilter.doFilterInternal(RequestContextFilter.java:100)
	at org.springframework.web.filter.OncePerRequestFilter.doFilter(OncePerRequestFilter.java:116)
	at org.springframework.test.web.servlet.setup.MockMvcFilterDecorator.doFilter(MockMvcFilterDecorator.java:162)
	at org.springframework.mock.web.MockFilterChain.doFilter(MockFilterChain.java:132)
	at org.springframework.web.filter.FormContentFilter.doFilterInternal(FormContentFilter.java:93)
	at org.springframework.web.filter.OncePerRequestFilter.doFilter(OncePerRequestFilter.java:116)
	at org.springframework.test.web.servlet.setup.MockMvcFilterDecorator.doFilter(MockMvcFilterDecorator.java:162)
	at org.springframework.mock.web.MockFilterChain.doFilter(MockFilterChain.java:132)
	at org.springframework.web.filter.CharacterEncodingFilter.doFilterInternal(CharacterEncodingFilter.java:201)
	at org.springframework.web.filter.OncePerRequestFilter.doFilter(OncePerRequestFilter.java:116)
	at org.springframework.test.web.servlet.setup.MockMvcFilterDecorator.doFilter(MockMvcFilterDecorator.java:162)
	at org.springframework.mock.web.MockFilterChain.doFilter(MockFilterChain.java:132)
	at org.springframework.test.web.servlet.MockMvc.perform(MockMvc.java:201)
	at com.banque.users_microservice.controller.ClientControllerIT.createClient_should_return_created_client(ClientControllerIT.java:50)
	at java.base/java.lang.reflect.Method.invoke(Method.java:580)
	at java.base/java.util.ArrayList.forEach(ArrayList.java:1596)
	at java.base/java.util.ArrayList.forEach(ArrayList.java:1596)
Caused by: org.springframework.kafka.KafkaException: Send failed
	at org.springframework.kafka.core.KafkaTemplate.doSend(KafkaTemplate.java:835)
	at org.springframework.kafka.core.KafkaTemplate.observeSend(KafkaTemplate.java:792)
	at org.springframework.kafka.core.KafkaTemplate.send(KafkaTemplate.java:575)
	at com.banque.users_microservice.producer.UserEventProducer.sendClientEvent(UserEventProducer.java:22)
	at com.banque.users_microservice.service.ClientService.createClient(ClientService.java:41)
	at com.banque.users_microservice.controller.ClientController.createClient(ClientController.java:24)
	at java.base/jdk.internal.reflect.DirectMethodHandleAccessor.invoke(DirectMethodHandleAccessor.java:103)
	at java.base/java.lang.reflect.Method.invoke(Method.java:580)
	at org.springframework.web.method.support.InvocableHandlerMethod.doInvoke(InvocableHandlerMethod.java:255)
	at org.springframework.web.method.support.InvocableHandlerMethod.invokeForRequest(InvocableHandlerMethod.java:188)
	at org.springframework.web.servlet.mvc.method.annotation.ServletInvocableHandlerMethod.invokeAndHandle(ServletInvocableHandlerMethod.java:118)
	at org.springframework.web.servlet.mvc.method.annotation.RequestMappingHandlerAdapter.invokeHandlerMethod(RequestMappingHandlerAdapter.java:986)
	at org.springframework.web.servlet.mvc.method.annotation.RequestMappingHandlerAdapter.handleInternal(RequestMappingHandlerAdapter.java:891)
	at org.springframework.web.servlet.mvc.method.AbstractHandlerMethodAdapter.handle(AbstractHandlerMethodAdapter.java:87)
	at org.springframework.web.servlet.DispatcherServlet.doDispatch(DispatcherServlet.java:1088)
	at org.springframework.web.servlet.DispatcherServlet.doService(DispatcherServlet.java:978)
	at org.springframework.web.servlet.FrameworkServlet.processRequest(FrameworkServlet.java:1014)
	... 24 more
Caused by: org.apache.kafka.common.errors.TimeoutException: Topic user-events not present in metadata after 60000 ms.
]]></error>
    <system-out><![CDATA[2025-01-03T03:29:09.003+01:00  INFO 122812 --- [Users_microservice] [           main] o.a.k.clients.producer.ProducerConfig    : ProducerConfig values: 
	acks = -1
	auto.include.jmx.reporter = true
	batch.size = 16384
	bootstrap.servers = [localhost:9092]
	buffer.memory = 33554432
	client.dns.lookup = use_all_dns_ips
	client.id = Users_microservice-producer-1
	compression.gzip.level = -1
	compression.lz4.level = 9
	compression.type = none
	compression.zstd.level = 3
	connections.max.idle.ms = 540000
	delivery.timeout.ms = 120000
	enable.idempotence = true
	enable.metrics.push = true
	interceptor.classes = []
	key.serializer = class org.apache.kafka.common.serialization.StringSerializer
	linger.ms = 0
	max.block.ms = 60000
	max.in.flight.requests.per.connection = 5
	max.request.size = 1048576
	metadata.max.age.ms = 300000
	metadata.max.idle.ms = 300000
	metadata.recovery.strategy = none
	metric.reporters = []
	metrics.num.samples = 2
	metrics.recording.level = INFO
	metrics.sample.window.ms = 30000
	partitioner.adaptive.partitioning.enable = true
	partitioner.availability.timeout.ms = 0
	partitioner.class = null
	partitioner.ignore.keys = false
	receive.buffer.bytes = 32768
	reconnect.backoff.max.ms = 1000
	reconnect.backoff.ms = 50
	request.timeout.ms = 30000
	retries = 2147483647
	retry.backoff.max.ms = 1000
	retry.backoff.ms = 100
	sasl.client.callback.handler.class = null
	sasl.jaas.config = null
	sasl.kerberos.kinit.cmd = /usr/bin/kinit
	sasl.kerberos.min.time.before.relogin = 60000
	sasl.kerberos.service.name = null
	sasl.kerberos.ticket.renew.jitter = 0.05
	sasl.kerberos.ticket.renew.window.factor = 0.8
	sasl.login.callback.handler.class = null
	sasl.login.class = null
	sasl.login.connect.timeout.ms = null
	sasl.login.read.timeout.ms = null
	sasl.login.refresh.buffer.seconds = 300
	sasl.login.refresh.min.period.seconds = 60
	sasl.login.refresh.window.factor = 0.8
	sasl.login.refresh.window.jitter = 0.05
	sasl.login.retry.backoff.max.ms = 10000
	sasl.login.retry.backoff.ms = 100
	sasl.mechanism = GSSAPI
	sasl.oauthbearer.clock.skew.seconds = 30
	sasl.oauthbearer.expected.audience = null
	sasl.oauthbearer.expected.issuer = null
	sasl.oauthbearer.jwks.endpoint.refresh.ms = 3600000
	sasl.oauthbearer.jwks.endpoint.retry.backoff.max.ms = 10000
	sasl.oauthbearer.jwks.endpoint.retry.backoff.ms = 100
	sasl.oauthbearer.jwks.endpoint.url = null
	sasl.oauthbearer.scope.claim.name = scope
	sasl.oauthbearer.sub.claim.name = sub
	sasl.oauthbearer.token.endpoint.url = null
	security.protocol = PLAINTEXT
	security.providers = null
	send.buffer.bytes = 131072
	socket.connection.setup.timeout.max.ms = 30000
	socket.connection.setup.timeout.ms = 10000
	ssl.cipher.suites = null
	ssl.enabled.protocols = [TLSv1.2, TLSv1.3]
	ssl.endpoint.identification.algorithm = https
	ssl.engine.factory.class = null
	ssl.key.password = null
	ssl.keymanager.algorithm = SunX509
	ssl.keystore.certificate.chain = null
	ssl.keystore.key = null
	ssl.keystore.location = null
	ssl.keystore.password = null
	ssl.keystore.type = JKS
	ssl.protocol = TLSv1.3
	ssl.provider = null
	ssl.secure.random.implementation = null
	ssl.trustmanager.algorithm = PKIX
	ssl.truststore.certificates = null
	ssl.truststore.location = null
	ssl.truststore.password = null
	ssl.truststore.type = JKS
	transaction.timeout.ms = 60000
	transactional.id = null
	value.serializer = class org.springframework.kafka.support.serializer.JsonSerializer

2025-01-03T03:29:09.029+01:00  INFO 122812 --- [Users_microservice] [           main] o.a.k.c.t.i.KafkaMetricsCollector        : initializing Kafka metrics collector
2025-01-03T03:29:09.126+01:00  INFO 122812 --- [Users_microservice] [           main] o.a.k.clients.producer.KafkaProducer     : [Producer clientId=Users_microservice-producer-1] Instantiated an idempotent producer.
2025-01-03T03:29:09.168+01:00  INFO 122812 --- [Users_microservice] [           main] o.a.kafka.common.utils.AppInfoParser     : Kafka version: 3.8.1
2025-01-03T03:29:09.168+01:00  INFO 122812 --- [Users_microservice] [           main] o.a.kafka.common.utils.AppInfoParser     : Kafka commitId: 70d6ff42debf7e17
2025-01-03T03:29:09.169+01:00  INFO 122812 --- [Users_microservice] [           main] o.a.kafka.common.utils.AppInfoParser     : Kafka startTimeMs: 1735871349167
2025-01-03T03:29:09.353+01:00  INFO 122812 --- [Users_microservice] [vice-producer-1] org.apache.kafka.clients.NetworkClient   : [Producer clientId=Users_microservice-producer-1] Node -1 disconnected.
2025-01-03T03:29:09.355+01:00  WARN 122812 --- [Users_microservice] [vice-producer-1] org.apache.kafka.clients.NetworkClient   : [Producer clientId=Users_microservice-producer-1] Connection to node -1 (localhost/127.0.0.1:9092) could not be established. Node may not be available.
2025-01-03T03:29:09.355+01:00  WARN 122812 --- [Users_microservice] [vice-producer-1] org.apache.kafka.clients.NetworkClient   : [Producer clientId=Users_microservice-producer-1] Bootstrap broker localhost:9092 (id: -1 rack: null) disconnected
2025-01-03T03:29:09.457+01:00  INFO 122812 --- [Users_microservice] [vice-producer-1] org.apache.kafka.clients.NetworkClient   : [Producer clientId=Users_microservice-producer-1] Node -1 disconnected.
2025-01-03T03:29:09.458+01:00  WARN 122812 --- [Users_microservice] [vice-producer-1] org.apache.kafka.clients.NetworkClient   : [Producer clientId=Users_microservice-producer-1] Connection to node -1 (localhost/127.0.0.1:9092) could not be established. Node may not be available.
2025-01-03T03:29:09.458+01:00  WARN 122812 --- [Users_microservice] [vice-producer-1] org.apache.kafka.clients.NetworkClient   : [Producer clientId=Users_microservice-producer-1] Bootstrap broker localhost:9092 (id: -1 rack: null) disconnected
2025-01-03T03:29:09.609+01:00  INFO 122812 --- [Users_microservice] [vice-producer-1] org.apache.kafka.clients.NetworkClient   : [Producer clientId=Users_microservice-producer-1] Node -1 disconnected.
2025-01-03T03:29:09.609+01:00  WARN 122812 --- [Users_microservice] [vice-producer-1] org.apache.kafka.clients.NetworkClient   : [Producer clientId=Users_microservice-producer-1] Connection to node -1 (localhost/127.0.0.1:9092) could not be established. Node may not be available.
2025-01-03T03:29:09.609+01:00  WARN 122812 --- [Users_microservice] [vice-producer-1] org.apache.kafka.clients.NetworkClient   : [Producer clientId=Users_microservice-producer-1] Bootstrap broker localhost:9092 (id: -1 rack: null) disconnected
2025-01-03T03:29:09.862+01:00  INFO 122812 --- [Users_microservice] [vice-producer-1] org.apache.kafka.clients.NetworkClient   : [Producer clientId=Users_microservice-producer-1] Node -1 disconnected.
2025-01-03T03:29:09.862+01:00  WARN 122812 --- [Users_microservice] [vice-producer-1] org.apache.kafka.clients.NetworkClient   : [Producer clientId=Users_microservice-producer-1] Connection to node -1 (localhost/127.0.0.1:9092) could not be established. Node may not be available.
2025-01-03T03:29:09.863+01:00  WARN 122812 --- [Users_microservice] [vice-producer-1] org.apache.kafka.clients.NetworkClient   : [Producer clientId=Users_microservice-producer-1] Bootstrap broker localhost:9092 (id: -1 rack: null) disconnected
2025-01-03T03:29:10.315+01:00  INFO 122812 --- [Users_microservice] [vice-producer-1] org.apache.kafka.clients.NetworkClient   : [Producer clientId=Users_microservice-producer-1] Node -1 disconnected.
2025-01-03T03:29:10.316+01:00  WARN 122812 --- [Users_microservice] [vice-producer-1] org.apache.kafka.clients.NetworkClient   : [Producer clientId=Users_microservice-producer-1] Connection to node -1 (localhost/127.0.0.1:9092) could not be established. Node may not be available.
2025-01-03T03:29:10.316+01:00  WARN 122812 --- [Users_microservice] [vice-producer-1] org.apache.kafka.clients.NetworkClient   : [Producer clientId=Users_microservice-producer-1] Bootstrap broker localhost:9092 (id: -1 rack: null) disconnected
2025-01-03T03:29:11.130+01:00  INFO 122812 --- [Users_microservice] [vice-producer-1] org.apache.kafka.clients.NetworkClient   : [Producer clientId=Users_microservice-producer-1] Node -1 disconnected.
2025-01-03T03:29:11.130+01:00  WARN 122812 --- [Users_microservice] [vice-producer-1] org.apache.kafka.clients.NetworkClient   : [Producer clientId=Users_microservice-producer-1] Connection to node -1 (localhost/127.0.0.1:9092) could not be established. Node may not be available.
2025-01-03T03:29:11.130+01:00  WARN 122812 --- [Users_microservice] [vice-producer-1] org.apache.kafka.clients.NetworkClient   : [Producer clientId=Users_microservice-producer-1] Bootstrap broker localhost:9092 (id: -1 rack: null) disconnected
2025-01-03T03:29:12.169+01:00  INFO 122812 --- [Users_microservice] [vice-producer-1] org.apache.kafka.clients.NetworkClient   : [Producer clientId=Users_microservice-producer-1] Node -1 disconnected.
2025-01-03T03:29:12.170+01:00  WARN 122812 --- [Users_microservice] [vice-producer-1] org.apache.kafka.clients.NetworkClient   : [Producer clientId=Users_microservice-producer-1] Connection to node -1 (localhost/127.0.0.1:9092) could not be established. Node may not be available.
2025-01-03T03:29:12.170+01:00  WARN 122812 --- [Users_microservice] [vice-producer-1] org.apache.kafka.clients.NetworkClient   : [Producer clientId=Users_microservice-producer-1] Bootstrap broker localhost:9092 (id: -1 rack: null) disconnected
2025-01-03T03:29:13.170+01:00  INFO 122812 --- [Users_microservice] [vice-producer-1] org.apache.kafka.clients.NetworkClient   : [Producer clientId=Users_microservice-producer-1] Node -1 disconnected.
2025-01-03T03:29:13.171+01:00  WARN 122812 --- [Users_microservice] [vice-producer-1] org.apache.kafka.clients.NetworkClient   : [Producer clientId=Users_microservice-producer-1] Connection to node -1 (localhost/127.0.0.1:9092) could not be established. Node may not be available.
2025-01-03T03:29:13.171+01:00  WARN 122812 --- [Users_microservice] [vice-producer-1] org.apache.kafka.clients.NetworkClient   : [Producer clientId=Users_microservice-producer-1] Bootstrap broker localhost:9092 (id: -1 rack: null) disconnected
2025-01-03T03:29:14.027+01:00  INFO 122812 --- [Users_microservice] [vice-producer-1] org.apache.kafka.clients.NetworkClient   : [Producer clientId=Users_microservice-producer-1] Node -1 disconnected.
2025-01-03T03:29:14.028+01:00  WARN 122812 --- [Users_microservice] [vice-producer-1] org.apache.kafka.clients.NetworkClient   : [Producer clientId=Users_microservice-producer-1] Connection to node -1 (localhost/127.0.0.1:9092) could not be established. Node may not be available.
2025-01-03T03:29:14.028+01:00  WARN 122812 --- [Users_microservice] [vice-producer-1] org.apache.kafka.clients.NetworkClient   : [Producer clientId=Users_microservice-producer-1] Bootstrap broker localhost:9092 (id: -1 rack: null) disconnected
2025-01-03T03:29:14.978+01:00  INFO 122812 --- [Users_microservice] [vice-producer-1] org.apache.kafka.clients.NetworkClient   : [Producer clientId=Users_microservice-producer-1] Node -1 disconnected.
2025-01-03T03:29:14.978+01:00  WARN 122812 --- [Users_microservice] [vice-producer-1] org.apache.kafka.clients.NetworkClient   : [Producer clientId=Users_microservice-producer-1] Connection to node -1 (localhost/127.0.0.1:9092) could not be established. Node may not be available.
2025-01-03T03:29:14.978+01:00  WARN 122812 --- [Users_microservice] [vice-producer-1] org.apache.kafka.clients.NetworkClient   : [Producer clientId=Users_microservice-producer-1] Bootstrap broker localhost:9092 (id: -1 rack: null) disconnected
2025-01-03T03:29:15.987+01:00  INFO 122812 --- [Users_microservice] [vice-producer-1] org.apache.kafka.clients.NetworkClient   : [Producer clientId=Users_microservice-producer-1] Node -1 disconnected.
2025-01-03T03:29:15.988+01:00  WARN 122812 --- [Users_microservice] [vice-producer-1] org.apache.kafka.clients.NetworkClient   : [Producer clientId=Users_microservice-producer-1] Connection to node -1 (localhost/127.0.0.1:9092) could not be established. Node may not be available.
2025-01-03T03:29:15.988+01:00  WARN 122812 --- [Users_microservice] [vice-producer-1] org.apache.kafka.clients.NetworkClient   : [Producer clientId=Users_microservice-producer-1] Bootstrap broker localhost:9092 (id: -1 rack: null) disconnected
2025-01-03T03:29:16.896+01:00  INFO 122812 --- [Users_microservice] [vice-producer-1] org.apache.kafka.clients.NetworkClient   : [Producer clientId=Users_microservice-producer-1] Node -1 disconnected.
2025-01-03T03:29:16.896+01:00  WARN 122812 --- [Users_microservice] [vice-producer-1] org.apache.kafka.clients.NetworkClient   : [Producer clientId=Users_microservice-producer-1] Connection to node -1 (localhost/127.0.0.1:9092) could not be established. Node may not be available.
2025-01-03T03:29:16.896+01:00  WARN 122812 --- [Users_microservice] [vice-producer-1] org.apache.kafka.clients.NetworkClient   : [Producer clientId=Users_microservice-producer-1] Bootstrap broker localhost:9092 (id: -1 rack: null) disconnected
2025-01-03T03:29:17.903+01:00  INFO 122812 --- [Users_microservice] [vice-producer-1] org.apache.kafka.clients.NetworkClient   : [Producer clientId=Users_microservice-producer-1] Node -1 disconnected.
2025-01-03T03:29:17.903+01:00  WARN 122812 --- [Users_microservice] [vice-producer-1] org.apache.kafka.clients.NetworkClient   : [Producer clientId=Users_microservice-producer-1] Connection to node -1 (localhost/127.0.0.1:9092) could not be established. Node may not be available.
2025-01-03T03:29:17.903+01:00  WARN 122812 --- [Users_microservice] [vice-producer-1] org.apache.kafka.clients.NetworkClient   : [Producer clientId=Users_microservice-producer-1] Bootstrap broker localhost:9092 (id: -1 rack: null) disconnected
2025-01-03T03:29:18.905+01:00  INFO 122812 --- [Users_microservice] [vice-producer-1] org.apache.kafka.clients.NetworkClient   : [Producer clientId=Users_microservice-producer-1] Node -1 disconnected.
2025-01-03T03:29:18.907+01:00  WARN 122812 --- [Users_microservice] [vice-producer-1] org.apache.kafka.clients.NetworkClient   : [Producer clientId=Users_microservice-producer-1] Connection to node -1 (localhost/127.0.0.1:9092) could not be established. Node may not be available.
2025-01-03T03:29:18.911+01:00  WARN 122812 --- [Users_microservice] [vice-producer-1] org.apache.kafka.clients.NetworkClient   : [Producer clientId=Users_microservice-producer-1] Bootstrap broker localhost:9092 (id: -1 rack: null) disconnected
2025-01-03T03:29:19.906+01:00  INFO 122812 --- [Users_microservice] [vice-producer-1] org.apache.kafka.clients.NetworkClient   : [Producer clientId=Users_microservice-producer-1] Node -1 disconnected.
2025-01-03T03:29:19.906+01:00  WARN 122812 --- [Users_microservice] [vice-producer-1] org.apache.kafka.clients.NetworkClient   : [Producer clientId=Users_microservice-producer-1] Connection to node -1 (localhost/127.0.0.1:9092) could not be established. Node may not be available.
2025-01-03T03:29:19.906+01:00  WARN 122812 --- [Users_microservice] [vice-producer-1] org.apache.kafka.clients.NetworkClient   : [Producer clientId=Users_microservice-producer-1] Bootstrap broker localhost:9092 (id: -1 rack: null) disconnected
2025-01-03T03:29:20.914+01:00  INFO 122812 --- [Users_microservice] [vice-producer-1] org.apache.kafka.clients.NetworkClient   : [Producer clientId=Users_microservice-producer-1] Node -1 disconnected.
2025-01-03T03:29:20.914+01:00  WARN 122812 --- [Users_microservice] [vice-producer-1] org.apache.kafka.clients.NetworkClient   : [Producer clientId=Users_microservice-producer-1] Connection to node -1 (localhost/127.0.0.1:9092) could not be established. Node may not be available.
2025-01-03T03:29:20.915+01:00  WARN 122812 --- [Users_microservice] [vice-producer-1] org.apache.kafka.clients.NetworkClient   : [Producer clientId=Users_microservice-producer-1] Bootstrap broker localhost:9092 (id: -1 rack: null) disconnected
2025-01-03T03:29:21.771+01:00  INFO 122812 --- [Users_microservice] [vice-producer-1] org.apache.kafka.clients.NetworkClient   : [Producer clientId=Users_microservice-producer-1] Node -1 disconnected.
2025-01-03T03:29:21.771+01:00  WARN 122812 --- [Users_microservice] [vice-producer-1] org.apache.kafka.clients.NetworkClient   : [Producer clientId=Users_microservice-producer-1] Connection to node -1 (localhost/127.0.0.1:9092) could not be established. Node may not be available.
2025-01-03T03:29:21.771+01:00  WARN 122812 --- [Users_microservice] [vice-producer-1] org.apache.kafka.clients.NetworkClient   : [Producer clientId=Users_microservice-producer-1] Bootstrap broker localhost:9092 (id: -1 rack: null) disconnected
2025-01-03T03:29:22.821+01:00  INFO 122812 --- [Users_microservice] [vice-producer-1] org.apache.kafka.clients.NetworkClient   : [Producer clientId=Users_microservice-producer-1] Node -1 disconnected.
2025-01-03T03:29:22.821+01:00  WARN 122812 --- [Users_microservice] [vice-producer-1] org.apache.kafka.clients.NetworkClient   : [Producer clientId=Users_microservice-producer-1] Connection to node -1 (localhost/127.0.0.1:9092) could not be established. Node may not be available.
2025-01-03T03:29:22.821+01:00  WARN 122812 --- [Users_microservice] [vice-producer-1] org.apache.kafka.clients.NetworkClient   : [Producer clientId=Users_microservice-producer-1] Bootstrap broker localhost:9092 (id: -1 rack: null) disconnected
2025-01-03T03:29:23.678+01:00  INFO 122812 --- [Users_microservice] [vice-producer-1] org.apache.kafka.clients.NetworkClient   : [Producer clientId=Users_microservice-producer-1] Node -1 disconnected.
2025-01-03T03:29:23.679+01:00  WARN 122812 --- [Users_microservice] [vice-producer-1] org.apache.kafka.clients.NetworkClient   : [Producer clientId=Users_microservice-producer-1] Connection to node -1 (localhost/127.0.0.1:9092) could not be established. Node may not be available.
2025-01-03T03:29:23.679+01:00  WARN 122812 --- [Users_microservice] [vice-producer-1] org.apache.kafka.clients.NetworkClient   : [Producer clientId=Users_microservice-producer-1] Bootstrap broker localhost:9092 (id: -1 rack: null) disconnected
2025-01-03T03:29:24.721+01:00  INFO 122812 --- [Users_microservice] [vice-producer-1] org.apache.kafka.clients.NetworkClient   : [Producer clientId=Users_microservice-producer-1] Node -1 disconnected.
2025-01-03T03:29:24.721+01:00  WARN 122812 --- [Users_microservice] [vice-producer-1] org.apache.kafka.clients.NetworkClient   : [Producer clientId=Users_microservice-producer-1] Connection to node -1 (localhost/127.0.0.1:9092) could not be established. Node may not be available.
2025-01-03T03:29:24.722+01:00  WARN 122812 --- [Users_microservice] [vice-producer-1] org.apache.kafka.clients.NetworkClient   : [Producer clientId=Users_microservice-producer-1] Bootstrap broker localhost:9092 (id: -1 rack: null) disconnected
2025-01-03T03:29:25.709+01:00  INFO 122812 --- [Users_microservice] [vice-producer-1] org.apache.kafka.clients.NetworkClient   : [Producer clientId=Users_microservice-producer-1] Node -1 disconnected.
2025-01-03T03:29:25.710+01:00  WARN 122812 --- [Users_microservice] [vice-producer-1] org.apache.kafka.clients.NetworkClient   : [Producer clientId=Users_microservice-producer-1] Connection to node -1 (localhost/127.0.0.1:9092) could not be established. Node may not be available.
2025-01-03T03:29:25.710+01:00  WARN 122812 --- [Users_microservice] [vice-producer-1] org.apache.kafka.clients.NetworkClient   : [Producer clientId=Users_microservice-producer-1] Bootstrap broker localhost:9092 (id: -1 rack: null) disconnected
2025-01-03T03:29:26.567+01:00  INFO 122812 --- [Users_microservice] [vice-producer-1] org.apache.kafka.clients.NetworkClient   : [Producer clientId=Users_microservice-producer-1] Node -1 disconnected.
2025-01-03T03:29:26.567+01:00  WARN 122812 --- [Users_microservice] [vice-producer-1] org.apache.kafka.clients.NetworkClient   : [Producer clientId=Users_microservice-producer-1] Connection to node -1 (localhost/127.0.0.1:9092) could not be established. Node may not be available.
2025-01-03T03:29:26.567+01:00  WARN 122812 --- [Users_microservice] [vice-producer-1] org.apache.kafka.clients.NetworkClient   : [Producer clientId=Users_microservice-producer-1] Bootstrap broker localhost:9092 (id: -1 rack: null) disconnected
2025-01-03T03:29:27.423+01:00  INFO 122812 --- [Users_microservice] [vice-producer-1] org.apache.kafka.clients.NetworkClient   : [Producer clientId=Users_microservice-producer-1] Node -1 disconnected.
2025-01-03T03:29:27.423+01:00  WARN 122812 --- [Users_microservice] [vice-producer-1] org.apache.kafka.clients.NetworkClient   : [Producer clientId=Users_microservice-producer-1] Connection to node -1 (localhost/127.0.0.1:9092) could not be established. Node may not be available.
2025-01-03T03:29:27.423+01:00  WARN 122812 --- [Users_microservice] [vice-producer-1] org.apache.kafka.clients.NetworkClient   : [Producer clientId=Users_microservice-producer-1] Bootstrap broker localhost:9092 (id: -1 rack: null) disconnected
2025-01-03T03:29:28.431+01:00  INFO 122812 --- [Users_microservice] [vice-producer-1] org.apache.kafka.clients.NetworkClient   : [Producer clientId=Users_microservice-producer-1] Node -1 disconnected.
2025-01-03T03:29:28.431+01:00  WARN 122812 --- [Users_microservice] [vice-producer-1] org.apache.kafka.clients.NetworkClient   : [Producer clientId=Users_microservice-producer-1] Connection to node -1 (localhost/127.0.0.1:9092) could not be established. Node may not be available.
2025-01-03T03:29:28.431+01:00  WARN 122812 --- [Users_microservice] [vice-producer-1] org.apache.kafka.clients.NetworkClient   : [Producer clientId=Users_microservice-producer-1] Bootstrap broker localhost:9092 (id: -1 rack: null) disconnected
2025-01-03T03:29:29.432+01:00  INFO 122812 --- [Users_microservice] [vice-producer-1] org.apache.kafka.clients.NetworkClient   : [Producer clientId=Users_microservice-producer-1] Node -1 disconnected.
2025-01-03T03:29:29.433+01:00  WARN 122812 --- [Users_microservice] [vice-producer-1] org.apache.kafka.clients.NetworkClient   : [Producer clientId=Users_microservice-producer-1] Connection to node -1 (localhost/127.0.0.1:9092) could not be established. Node may not be available.
2025-01-03T03:29:29.433+01:00  WARN 122812 --- [Users_microservice] [vice-producer-1] org.apache.kafka.clients.NetworkClient   : [Producer clientId=Users_microservice-producer-1] Bootstrap broker localhost:9092 (id: -1 rack: null) disconnected
2025-01-03T03:29:30.391+01:00  INFO 122812 --- [Users_microservice] [vice-producer-1] org.apache.kafka.clients.NetworkClient   : [Producer clientId=Users_microservice-producer-1] Node -1 disconnected.
2025-01-03T03:29:30.391+01:00  WARN 122812 --- [Users_microservice] [vice-producer-1] org.apache.kafka.clients.NetworkClient   : [Producer clientId=Users_microservice-producer-1] Connection to node -1 (localhost/127.0.0.1:9092) could not be established. Node may not be available.
2025-01-03T03:29:30.391+01:00  WARN 122812 --- [Users_microservice] [vice-producer-1] org.apache.kafka.clients.NetworkClient   : [Producer clientId=Users_microservice-producer-1] Bootstrap broker localhost:9092 (id: -1 rack: null) disconnected
2025-01-03T03:29:31.392+01:00  INFO 122812 --- [Users_microservice] [vice-producer-1] org.apache.kafka.clients.NetworkClient   : [Producer clientId=Users_microservice-producer-1] Node -1 disconnected.
2025-01-03T03:29:31.392+01:00  WARN 122812 --- [Users_microservice] [vice-producer-1] org.apache.kafka.clients.NetworkClient   : [Producer clientId=Users_microservice-producer-1] Connection to node -1 (localhost/127.0.0.1:9092) could not be established. Node may not be available.
2025-01-03T03:29:31.392+01:00  WARN 122812 --- [Users_microservice] [vice-producer-1] org.apache.kafka.clients.NetworkClient   : [Producer clientId=Users_microservice-producer-1] Bootstrap broker localhost:9092 (id: -1 rack: null) disconnected
2025-01-03T03:29:32.399+01:00  INFO 122812 --- [Users_microservice] [vice-producer-1] org.apache.kafka.clients.NetworkClient   : [Producer clientId=Users_microservice-producer-1] Node -1 disconnected.
2025-01-03T03:29:32.399+01:00  WARN 122812 --- [Users_microservice] [vice-producer-1] org.apache.kafka.clients.NetworkClient   : [Producer clientId=Users_microservice-producer-1] Connection to node -1 (localhost/127.0.0.1:9092) could not be established. Node may not be available.
2025-01-03T03:29:32.399+01:00  WARN 122812 --- [Users_microservice] [vice-producer-1] org.apache.kafka.clients.NetworkClient   : [Producer clientId=Users_microservice-producer-1] Bootstrap broker localhost:9092 (id: -1 rack: null) disconnected
2025-01-03T03:29:33.407+01:00  INFO 122812 --- [Users_microservice] [vice-producer-1] org.apache.kafka.clients.NetworkClient   : [Producer clientId=Users_microservice-producer-1] Node -1 disconnected.
2025-01-03T03:29:33.407+01:00  WARN 122812 --- [Users_microservice] [vice-producer-1] org.apache.kafka.clients.NetworkClient   : [Producer clientId=Users_microservice-producer-1] Connection to node -1 (localhost/127.0.0.1:9092) could not be established. Node may not be available.
2025-01-03T03:29:33.407+01:00  WARN 122812 --- [Users_microservice] [vice-producer-1] org.apache.kafka.clients.NetworkClient   : [Producer clientId=Users_microservice-producer-1] Bootstrap broker localhost:9092 (id: -1 rack: null) disconnected
2025-01-03T03:29:34.415+01:00  INFO 122812 --- [Users_microservice] [vice-producer-1] org.apache.kafka.clients.NetworkClient   : [Producer clientId=Users_microservice-producer-1] Node -1 disconnected.
2025-01-03T03:29:34.415+01:00  WARN 122812 --- [Users_microservice] [vice-producer-1] org.apache.kafka.clients.NetworkClient   : [Producer clientId=Users_microservice-producer-1] Connection to node -1 (localhost/127.0.0.1:9092) could not be established. Node may not be available.
2025-01-03T03:29:34.415+01:00  WARN 122812 --- [Users_microservice] [vice-producer-1] org.apache.kafka.clients.NetworkClient   : [Producer clientId=Users_microservice-producer-1] Bootstrap broker localhost:9092 (id: -1 rack: null) disconnected
2025-01-03T03:29:35.422+01:00  INFO 122812 --- [Users_microservice] [vice-producer-1] org.apache.kafka.clients.NetworkClient   : [Producer clientId=Users_microservice-producer-1] Node -1 disconnected.
2025-01-03T03:29:35.422+01:00  WARN 122812 --- [Users_microservice] [vice-producer-1] org.apache.kafka.clients.NetworkClient   : [Producer clientId=Users_microservice-producer-1] Connection to node -1 (localhost/127.0.0.1:9092) could not be established. Node may not be available.
2025-01-03T03:29:35.422+01:00  WARN 122812 --- [Users_microservice] [vice-producer-1] org.apache.kafka.clients.NetworkClient   : [Producer clientId=Users_microservice-producer-1] Bootstrap broker localhost:9092 (id: -1 rack: null) disconnected
2025-01-03T03:29:36.279+01:00  INFO 122812 --- [Users_microservice] [vice-producer-1] org.apache.kafka.clients.NetworkClient   : [Producer clientId=Users_microservice-producer-1] Node -1 disconnected.
2025-01-03T03:29:36.280+01:00  WARN 122812 --- [Users_microservice] [vice-producer-1] org.apache.kafka.clients.NetworkClient   : [Producer clientId=Users_microservice-producer-1] Connection to node -1 (localhost/127.0.0.1:9092) could not be established. Node may not be available.
2025-01-03T03:29:36.280+01:00  WARN 122812 --- [Users_microservice] [vice-producer-1] org.apache.kafka.clients.NetworkClient   : [Producer clientId=Users_microservice-producer-1] Bootstrap broker localhost:9092 (id: -1 rack: null) disconnected
2025-01-03T03:29:37.128+01:00  INFO 122812 --- [Users_microservice] [vice-producer-1] org.apache.kafka.clients.NetworkClient   : [Producer clientId=Users_microservice-producer-1] Node -1 disconnected.
2025-01-03T03:29:37.128+01:00  WARN 122812 --- [Users_microservice] [vice-producer-1] org.apache.kafka.clients.NetworkClient   : [Producer clientId=Users_microservice-producer-1] Connection to node -1 (localhost/127.0.0.1:9092) could not be established. Node may not be available.
2025-01-03T03:29:37.129+01:00  WARN 122812 --- [Users_microservice] [vice-producer-1] org.apache.kafka.clients.NetworkClient   : [Producer clientId=Users_microservice-producer-1] Bootstrap broker localhost:9092 (id: -1 rack: null) disconnected
2025-01-03T03:29:38.130+01:00  INFO 122812 --- [Users_microservice] [vice-producer-1] org.apache.kafka.clients.NetworkClient   : [Producer clientId=Users_microservice-producer-1] Node -1 disconnected.
2025-01-03T03:29:38.130+01:00  WARN 122812 --- [Users_microservice] [vice-producer-1] org.apache.kafka.clients.NetworkClient   : [Producer clientId=Users_microservice-producer-1] Connection to node -1 (localhost/127.0.0.1:9092) could not be established. Node may not be available.
2025-01-03T03:29:38.131+01:00  WARN 122812 --- [Users_microservice] [vice-producer-1] org.apache.kafka.clients.NetworkClient   : [Producer clientId=Users_microservice-producer-1] Bootstrap broker localhost:9092 (id: -1 rack: null) disconnected
2025-01-03T03:29:39.131+01:00  INFO 122812 --- [Users_microservice] [vice-producer-1] org.apache.kafka.clients.NetworkClient   : [Producer clientId=Users_microservice-producer-1] Node -1 disconnected.
2025-01-03T03:29:39.131+01:00  WARN 122812 --- [Users_microservice] [vice-producer-1] org.apache.kafka.clients.NetworkClient   : [Producer clientId=Users_microservice-producer-1] Connection to node -1 (localhost/127.0.0.1:9092) could not be established. Node may not be available.
2025-01-03T03:29:39.132+01:00  WARN 122812 --- [Users_microservice] [vice-producer-1] org.apache.kafka.clients.NetworkClient   : [Producer clientId=Users_microservice-producer-1] Bootstrap broker localhost:9092 (id: -1 rack: null) disconnected
2025-01-03T03:29:40.138+01:00  INFO 122812 --- [Users_microservice] [vice-producer-1] org.apache.kafka.clients.NetworkClient   : [Producer clientId=Users_microservice-producer-1] Node -1 disconnected.
2025-01-03T03:29:40.139+01:00  WARN 122812 --- [Users_microservice] [vice-producer-1] org.apache.kafka.clients.NetworkClient   : [Producer clientId=Users_microservice-producer-1] Connection to node -1 (localhost/127.0.0.1:9092) could not be established. Node may not be available.
2025-01-03T03:29:40.139+01:00  WARN 122812 --- [Users_microservice] [vice-producer-1] org.apache.kafka.clients.NetworkClient   : [Producer clientId=Users_microservice-producer-1] Bootstrap broker localhost:9092 (id: -1 rack: null) disconnected
2025-01-03T03:29:41.139+01:00  INFO 122812 --- [Users_microservice] [vice-producer-1] org.apache.kafka.clients.NetworkClient   : [Producer clientId=Users_microservice-producer-1] Node -1 disconnected.
2025-01-03T03:29:41.139+01:00  WARN 122812 --- [Users_microservice] [vice-producer-1] org.apache.kafka.clients.NetworkClient   : [Producer clientId=Users_microservice-producer-1] Connection to node -1 (localhost/127.0.0.1:9092) could not be established. Node may not be available.
2025-01-03T03:29:41.139+01:00  WARN 122812 --- [Users_microservice] [vice-producer-1] org.apache.kafka.clients.NetworkClient   : [Producer clientId=Users_microservice-producer-1] Bootstrap broker localhost:9092 (id: -1 rack: null) disconnected
2025-01-03T03:29:42.095+01:00  INFO 122812 --- [Users_microservice] [vice-producer-1] org.apache.kafka.clients.NetworkClient   : [Producer clientId=Users_microservice-producer-1] Node -1 disconnected.
2025-01-03T03:29:42.096+01:00  WARN 122812 --- [Users_microservice] [vice-producer-1] org.apache.kafka.clients.NetworkClient   : [Producer clientId=Users_microservice-producer-1] Connection to node -1 (localhost/127.0.0.1:9092) could not be established. Node may not be available.
2025-01-03T03:29:42.096+01:00  WARN 122812 --- [Users_microservice] [vice-producer-1] org.apache.kafka.clients.NetworkClient   : [Producer clientId=Users_microservice-producer-1] Bootstrap broker localhost:9092 (id: -1 rack: null) disconnected
2025-01-03T03:29:43.096+01:00  INFO 122812 --- [Users_microservice] [vice-producer-1] org.apache.kafka.clients.NetworkClient   : [Producer clientId=Users_microservice-producer-1] Node -1 disconnected.
2025-01-03T03:29:43.097+01:00  WARN 122812 --- [Users_microservice] [vice-producer-1] org.apache.kafka.clients.NetworkClient   : [Producer clientId=Users_microservice-producer-1] Connection to node -1 (localhost/127.0.0.1:9092) could not be established. Node may not be available.
2025-01-03T03:29:43.097+01:00  WARN 122812 --- [Users_microservice] [vice-producer-1] org.apache.kafka.clients.NetworkClient   : [Producer clientId=Users_microservice-producer-1] Bootstrap broker localhost:9092 (id: -1 rack: null) disconnected
2025-01-03T03:29:44.097+01:00  INFO 122812 --- [Users_microservice] [vice-producer-1] org.apache.kafka.clients.NetworkClient   : [Producer clientId=Users_microservice-producer-1] Node -1 disconnected.
2025-01-03T03:29:44.097+01:00  WARN 122812 --- [Users_microservice] [vice-producer-1] org.apache.kafka.clients.NetworkClient   : [Producer clientId=Users_microservice-producer-1] Connection to node -1 (localhost/127.0.0.1:9092) could not be established. Node may not be available.
2025-01-03T03:29:44.097+01:00  WARN 122812 --- [Users_microservice] [vice-producer-1] org.apache.kafka.clients.NetworkClient   : [Producer clientId=Users_microservice-producer-1] Bootstrap broker localhost:9092 (id: -1 rack: null) disconnected
2025-01-03T03:29:45.106+01:00  INFO 122812 --- [Users_microservice] [vice-producer-1] org.apache.kafka.clients.NetworkClient   : [Producer clientId=Users_microservice-producer-1] Node -1 disconnected.
2025-01-03T03:29:45.106+01:00  WARN 122812 --- [Users_microservice] [vice-producer-1] org.apache.kafka.clients.NetworkClient   : [Producer clientId=Users_microservice-producer-1] Connection to node -1 (localhost/127.0.0.1:9092) could not be established. Node may not be available.
2025-01-03T03:29:45.107+01:00  WARN 122812 --- [Users_microservice] [vice-producer-1] org.apache.kafka.clients.NetworkClient   : [Producer clientId=Users_microservice-producer-1] Bootstrap broker localhost:9092 (id: -1 rack: null) disconnected
2025-01-03T03:29:45.962+01:00  INFO 122812 --- [Users_microservice] [vice-producer-1] org.apache.kafka.clients.NetworkClient   : [Producer clientId=Users_microservice-producer-1] Node -1 disconnected.
2025-01-03T03:29:45.962+01:00  WARN 122812 --- [Users_microservice] [vice-producer-1] org.apache.kafka.clients.NetworkClient   : [Producer clientId=Users_microservice-producer-1] Connection to node -1 (localhost/127.0.0.1:9092) could not be established. Node may not be available.
2025-01-03T03:29:45.962+01:00  WARN 122812 --- [Users_microservice] [vice-producer-1] org.apache.kafka.clients.NetworkClient   : [Producer clientId=Users_microservice-producer-1] Bootstrap broker localhost:9092 (id: -1 rack: null) disconnected
2025-01-03T03:29:47.012+01:00  INFO 122812 --- [Users_microservice] [vice-producer-1] org.apache.kafka.clients.NetworkClient   : [Producer clientId=Users_microservice-producer-1] Node -1 disconnected.
2025-01-03T03:29:47.012+01:00  WARN 122812 --- [Users_microservice] [vice-producer-1] org.apache.kafka.clients.NetworkClient   : [Producer clientId=Users_microservice-producer-1] Connection to node -1 (localhost/127.0.0.1:9092) could not be established. Node may not be available.
2025-01-03T03:29:47.012+01:00  WARN 122812 --- [Users_microservice] [vice-producer-1] org.apache.kafka.clients.NetworkClient   : [Producer clientId=Users_microservice-producer-1] Bootstrap broker localhost:9092 (id: -1 rack: null) disconnected
2025-01-03T03:29:48.013+01:00  INFO 122812 --- [Users_microservice] [vice-producer-1] org.apache.kafka.clients.NetworkClient   : [Producer clientId=Users_microservice-producer-1] Node -1 disconnected.
2025-01-03T03:29:48.013+01:00  WARN 122812 --- [Users_microservice] [vice-producer-1] org.apache.kafka.clients.NetworkClient   : [Producer clientId=Users_microservice-producer-1] Connection to node -1 (localhost/127.0.0.1:9092) could not be established. Node may not be available.
2025-01-03T03:29:48.013+01:00  WARN 122812 --- [Users_microservice] [vice-producer-1] org.apache.kafka.clients.NetworkClient   : [Producer clientId=Users_microservice-producer-1] Bootstrap broker localhost:9092 (id: -1 rack: null) disconnected
2025-01-03T03:29:49.013+01:00  INFO 122812 --- [Users_microservice] [vice-producer-1] org.apache.kafka.clients.NetworkClient   : [Producer clientId=Users_microservice-producer-1] Node -1 disconnected.
2025-01-03T03:29:49.013+01:00  WARN 122812 --- [Users_microservice] [vice-producer-1] org.apache.kafka.clients.NetworkClient   : [Producer clientId=Users_microservice-producer-1] Connection to node -1 (localhost/127.0.0.1:9092) could not be established. Node may not be available.
2025-01-03T03:29:49.013+01:00  WARN 122812 --- [Users_microservice] [vice-producer-1] org.apache.kafka.clients.NetworkClient   : [Producer clientId=Users_microservice-producer-1] Bootstrap broker localhost:9092 (id: -1 rack: null) disconnected
2025-01-03T03:29:50.014+01:00  INFO 122812 --- [Users_microservice] [vice-producer-1] org.apache.kafka.clients.NetworkClient   : [Producer clientId=Users_microservice-producer-1] Node -1 disconnected.
2025-01-03T03:29:50.014+01:00  WARN 122812 --- [Users_microservice] [vice-producer-1] org.apache.kafka.clients.NetworkClient   : [Producer clientId=Users_microservice-producer-1] Connection to node -1 (localhost/127.0.0.1:9092) could not be established. Node may not be available.
2025-01-03T03:29:50.014+01:00  WARN 122812 --- [Users_microservice] [vice-producer-1] org.apache.kafka.clients.NetworkClient   : [Producer clientId=Users_microservice-producer-1] Bootstrap broker localhost:9092 (id: -1 rack: null) disconnected
2025-01-03T03:29:51.028+01:00  INFO 122812 --- [Users_microservice] [vice-producer-1] org.apache.kafka.clients.NetworkClient   : [Producer clientId=Users_microservice-producer-1] Node -1 disconnected.
2025-01-03T03:29:51.028+01:00  WARN 122812 --- [Users_microservice] [vice-producer-1] org.apache.kafka.clients.NetworkClient   : [Producer clientId=Users_microservice-producer-1] Connection to node -1 (localhost/127.0.0.1:9092) could not be established. Node may not be available.
2025-01-03T03:29:51.029+01:00  WARN 122812 --- [Users_microservice] [vice-producer-1] org.apache.kafka.clients.NetworkClient   : [Producer clientId=Users_microservice-producer-1] Bootstrap broker localhost:9092 (id: -1 rack: null) disconnected
2025-01-03T03:29:52.072+01:00  INFO 122812 --- [Users_microservice] [vice-producer-1] org.apache.kafka.clients.NetworkClient   : [Producer clientId=Users_microservice-producer-1] Node -1 disconnected.
2025-01-03T03:29:52.073+01:00  WARN 122812 --- [Users_microservice] [vice-producer-1] org.apache.kafka.clients.NetworkClient   : [Producer clientId=Users_microservice-producer-1] Connection to node -1 (localhost/127.0.0.1:9092) could not be established. Node may not be available.
2025-01-03T03:29:52.073+01:00  WARN 122812 --- [Users_microservice] [vice-producer-1] org.apache.kafka.clients.NetworkClient   : [Producer clientId=Users_microservice-producer-1] Bootstrap broker localhost:9092 (id: -1 rack: null) disconnected
2025-01-03T03:29:52.927+01:00  INFO 122812 --- [Users_microservice] [vice-producer-1] org.apache.kafka.clients.NetworkClient   : [Producer clientId=Users_microservice-producer-1] Node -1 disconnected.
2025-01-03T03:29:52.928+01:00  WARN 122812 --- [Users_microservice] [vice-producer-1] org.apache.kafka.clients.NetworkClient   : [Producer clientId=Users_microservice-producer-1] Connection to node -1 (localhost/127.0.0.1:9092) could not be established. Node may not be available.
2025-01-03T03:29:52.928+01:00  WARN 122812 --- [Users_microservice] [vice-producer-1] org.apache.kafka.clients.NetworkClient   : [Producer clientId=Users_microservice-producer-1] Bootstrap broker localhost:9092 (id: -1 rack: null) disconnected
2025-01-03T03:29:53.976+01:00  INFO 122812 --- [Users_microservice] [vice-producer-1] org.apache.kafka.clients.NetworkClient   : [Producer clientId=Users_microservice-producer-1] Node -1 disconnected.
2025-01-03T03:29:53.977+01:00  WARN 122812 --- [Users_microservice] [vice-producer-1] org.apache.kafka.clients.NetworkClient   : [Producer clientId=Users_microservice-producer-1] Connection to node -1 (localhost/127.0.0.1:9092) could not be established. Node may not be available.
2025-01-03T03:29:53.977+01:00  WARN 122812 --- [Users_microservice] [vice-producer-1] org.apache.kafka.clients.NetworkClient   : [Producer clientId=Users_microservice-producer-1] Bootstrap broker localhost:9092 (id: -1 rack: null) disconnected
2025-01-03T03:29:54.982+01:00  INFO 122812 --- [Users_microservice] [vice-producer-1] org.apache.kafka.clients.NetworkClient   : [Producer clientId=Users_microservice-producer-1] Node -1 disconnected.
2025-01-03T03:29:54.982+01:00  WARN 122812 --- [Users_microservice] [vice-producer-1] org.apache.kafka.clients.NetworkClient   : [Producer clientId=Users_microservice-producer-1] Connection to node -1 (localhost/127.0.0.1:9092) could not be established. Node may not be available.
2025-01-03T03:29:54.983+01:00  WARN 122812 --- [Users_microservice] [vice-producer-1] org.apache.kafka.clients.NetworkClient   : [Producer clientId=Users_microservice-producer-1] Bootstrap broker localhost:9092 (id: -1 rack: null) disconnected
2025-01-03T03:29:56.024+01:00  INFO 122812 --- [Users_microservice] [vice-producer-1] org.apache.kafka.clients.NetworkClient   : [Producer clientId=Users_microservice-producer-1] Node -1 disconnected.
2025-01-03T03:29:56.025+01:00  WARN 122812 --- [Users_microservice] [vice-producer-1] org.apache.kafka.clients.NetworkClient   : [Producer clientId=Users_microservice-producer-1] Connection to node -1 (localhost/127.0.0.1:9092) could not be established. Node may not be available.
2025-01-03T03:29:56.025+01:00  WARN 122812 --- [Users_microservice] [vice-producer-1] org.apache.kafka.clients.NetworkClient   : [Producer clientId=Users_microservice-producer-1] Bootstrap broker localhost:9092 (id: -1 rack: null) disconnected
2025-01-03T03:29:56.929+01:00  INFO 122812 --- [Users_microservice] [vice-producer-1] org.apache.kafka.clients.NetworkClient   : [Producer clientId=Users_microservice-producer-1] Node -1 disconnected.
2025-01-03T03:29:56.929+01:00  WARN 122812 --- [Users_microservice] [vice-producer-1] org.apache.kafka.clients.NetworkClient   : [Producer clientId=Users_microservice-producer-1] Connection to node -1 (localhost/127.0.0.1:9092) could not be established. Node may not be available.
2025-01-03T03:29:56.929+01:00  WARN 122812 --- [Users_microservice] [vice-producer-1] org.apache.kafka.clients.NetworkClient   : [Producer clientId=Users_microservice-producer-1] Bootstrap broker localhost:9092 (id: -1 rack: null) disconnected
2025-01-03T03:29:57.834+01:00  INFO 122812 --- [Users_microservice] [vice-producer-1] org.apache.kafka.clients.NetworkClient   : [Producer clientId=Users_microservice-producer-1] Node -1 disconnected.
2025-01-03T03:29:57.835+01:00  WARN 122812 --- [Users_microservice] [vice-producer-1] org.apache.kafka.clients.NetworkClient   : [Producer clientId=Users_microservice-producer-1] Connection to node -1 (localhost/127.0.0.1:9092) could not be established. Node may not be available.
2025-01-03T03:29:57.835+01:00  WARN 122812 --- [Users_microservice] [vice-producer-1] org.apache.kafka.clients.NetworkClient   : [Producer clientId=Users_microservice-producer-1] Bootstrap broker localhost:9092 (id: -1 rack: null) disconnected
2025-01-03T03:29:58.690+01:00  INFO 122812 --- [Users_microservice] [vice-producer-1] org.apache.kafka.clients.NetworkClient   : [Producer clientId=Users_microservice-producer-1] Node -1 disconnected.
2025-01-03T03:29:58.690+01:00  WARN 122812 --- [Users_microservice] [vice-producer-1] org.apache.kafka.clients.NetworkClient   : [Producer clientId=Users_microservice-producer-1] Connection to node -1 (localhost/127.0.0.1:9092) could not be established. Node may not be available.
2025-01-03T03:29:58.690+01:00  WARN 122812 --- [Users_microservice] [vice-producer-1] org.apache.kafka.clients.NetworkClient   : [Producer clientId=Users_microservice-producer-1] Bootstrap broker localhost:9092 (id: -1 rack: null) disconnected
2025-01-03T03:29:59.691+01:00  INFO 122812 --- [Users_microservice] [vice-producer-1] org.apache.kafka.clients.NetworkClient   : [Producer clientId=Users_microservice-producer-1] Node -1 disconnected.
2025-01-03T03:29:59.691+01:00  WARN 122812 --- [Users_microservice] [vice-producer-1] org.apache.kafka.clients.NetworkClient   : [Producer clientId=Users_microservice-producer-1] Connection to node -1 (localhost/127.0.0.1:9092) could not be established. Node may not be available.
2025-01-03T03:29:59.691+01:00  WARN 122812 --- [Users_microservice] [vice-producer-1] org.apache.kafka.clients.NetworkClient   : [Producer clientId=Users_microservice-producer-1] Bootstrap broker localhost:9092 (id: -1 rack: null) disconnected
2025-01-03T03:30:00.696+01:00  INFO 122812 --- [Users_microservice] [vice-producer-1] org.apache.kafka.clients.NetworkClient   : [Producer clientId=Users_microservice-producer-1] Node -1 disconnected.
2025-01-03T03:30:00.696+01:00  WARN 122812 --- [Users_microservice] [vice-producer-1] org.apache.kafka.clients.NetworkClient   : [Producer clientId=Users_microservice-producer-1] Connection to node -1 (localhost/127.0.0.1:9092) could not be established. Node may not be available.
2025-01-03T03:30:00.697+01:00  WARN 122812 --- [Users_microservice] [vice-producer-1] org.apache.kafka.clients.NetworkClient   : [Producer clientId=Users_microservice-producer-1] Bootstrap broker localhost:9092 (id: -1 rack: null) disconnected
2025-01-03T03:30:01.697+01:00  INFO 122812 --- [Users_microservice] [vice-producer-1] org.apache.kafka.clients.NetworkClient   : [Producer clientId=Users_microservice-producer-1] Node -1 disconnected.
2025-01-03T03:30:01.698+01:00  WARN 122812 --- [Users_microservice] [vice-producer-1] org.apache.kafka.clients.NetworkClient   : [Producer clientId=Users_microservice-producer-1] Connection to node -1 (localhost/127.0.0.1:9092) could not be established. Node may not be available.
2025-01-03T03:30:01.698+01:00  WARN 122812 --- [Users_microservice] [vice-producer-1] org.apache.kafka.clients.NetworkClient   : [Producer clientId=Users_microservice-producer-1] Bootstrap broker localhost:9092 (id: -1 rack: null) disconnected
2025-01-03T03:30:02.698+01:00  INFO 122812 --- [Users_microservice] [vice-producer-1] org.apache.kafka.clients.NetworkClient   : [Producer clientId=Users_microservice-producer-1] Node -1 disconnected.
2025-01-03T03:30:02.698+01:00  WARN 122812 --- [Users_microservice] [vice-producer-1] org.apache.kafka.clients.NetworkClient   : [Producer clientId=Users_microservice-producer-1] Connection to node -1 (localhost/127.0.0.1:9092) could not be established. Node may not be available.
2025-01-03T03:30:02.699+01:00  WARN 122812 --- [Users_microservice] [vice-producer-1] org.apache.kafka.clients.NetworkClient   : [Producer clientId=Users_microservice-producer-1] Bootstrap broker localhost:9092 (id: -1 rack: null) disconnected
2025-01-03T03:30:03.695+01:00  INFO 122812 --- [Users_microservice] [vice-producer-1] org.apache.kafka.clients.NetworkClient   : [Producer clientId=Users_microservice-producer-1] Node -1 disconnected.
2025-01-03T03:30:03.695+01:00  WARN 122812 --- [Users_microservice] [vice-producer-1] org.apache.kafka.clients.NetworkClient   : [Producer clientId=Users_microservice-producer-1] Connection to node -1 (localhost/127.0.0.1:9092) could not be established. Node may not be available.
2025-01-03T03:30:03.695+01:00  WARN 122812 --- [Users_microservice] [vice-producer-1] org.apache.kafka.clients.NetworkClient   : [Producer clientId=Users_microservice-producer-1] Bootstrap broker localhost:9092 (id: -1 rack: null) disconnected
2025-01-03T03:30:04.550+01:00  INFO 122812 --- [Users_microservice] [vice-producer-1] org.apache.kafka.clients.NetworkClient   : [Producer clientId=Users_microservice-producer-1] Node -1 disconnected.
2025-01-03T03:30:04.550+01:00  WARN 122812 --- [Users_microservice] [vice-producer-1] org.apache.kafka.clients.NetworkClient   : [Producer clientId=Users_microservice-producer-1] Connection to node -1 (localhost/127.0.0.1:9092) could not be established. Node may not be available.
2025-01-03T03:30:04.550+01:00  WARN 122812 --- [Users_microservice] [vice-producer-1] org.apache.kafka.clients.NetworkClient   : [Producer clientId=Users_microservice-producer-1] Bootstrap broker localhost:9092 (id: -1 rack: null) disconnected
2025-01-03T03:30:05.354+01:00  INFO 122812 --- [Users_microservice] [vice-producer-1] org.apache.kafka.clients.NetworkClient   : [Producer clientId=Users_microservice-producer-1] Node -1 disconnected.
2025-01-03T03:30:05.355+01:00  WARN 122812 --- [Users_microservice] [vice-producer-1] org.apache.kafka.clients.NetworkClient   : [Producer clientId=Users_microservice-producer-1] Connection to node -1 (localhost/127.0.0.1:9092) could not be established. Node may not be available.
2025-01-03T03:30:05.355+01:00  WARN 122812 --- [Users_microservice] [vice-producer-1] org.apache.kafka.clients.NetworkClient   : [Producer clientId=Users_microservice-producer-1] Bootstrap broker localhost:9092 (id: -1 rack: null) disconnected
2025-01-03T03:30:06.378+01:00  INFO 122812 --- [Users_microservice] [vice-producer-1] org.apache.kafka.clients.NetworkClient   : [Producer clientId=Users_microservice-producer-1] Node -1 disconnected.
2025-01-03T03:30:06.378+01:00  WARN 122812 --- [Users_microservice] [vice-producer-1] org.apache.kafka.clients.NetworkClient   : [Producer clientId=Users_microservice-producer-1] Connection to node -1 (localhost/127.0.0.1:9092) could not be established. Node may not be available.
2025-01-03T03:30:06.379+01:00  WARN 122812 --- [Users_microservice] [vice-producer-1] org.apache.kafka.clients.NetworkClient   : [Producer clientId=Users_microservice-producer-1] Bootstrap broker localhost:9092 (id: -1 rack: null) disconnected
2025-01-03T03:30:07.379+01:00  INFO 122812 --- [Users_microservice] [vice-producer-1] org.apache.kafka.clients.NetworkClient   : [Producer clientId=Users_microservice-producer-1] Node -1 disconnected.
2025-01-03T03:30:07.379+01:00  WARN 122812 --- [Users_microservice] [vice-producer-1] org.apache.kafka.clients.NetworkClient   : [Producer clientId=Users_microservice-producer-1] Connection to node -1 (localhost/127.0.0.1:9092) could not be established. Node may not be available.
2025-01-03T03:30:07.379+01:00  WARN 122812 --- [Users_microservice] [vice-producer-1] org.apache.kafka.clients.NetworkClient   : [Producer clientId=Users_microservice-producer-1] Bootstrap broker localhost:9092 (id: -1 rack: null) disconnected
2025-01-03T03:30:08.333+01:00  INFO 122812 --- [Users_microservice] [vice-producer-1] org.apache.kafka.clients.NetworkClient   : [Producer clientId=Users_microservice-producer-1] Node -1 disconnected.
2025-01-03T03:30:08.333+01:00  WARN 122812 --- [Users_microservice] [vice-producer-1] org.apache.kafka.clients.NetworkClient   : [Producer clientId=Users_microservice-producer-1] Connection to node -1 (localhost/127.0.0.1:9092) could not be established. Node may not be available.
2025-01-03T03:30:08.334+01:00  WARN 122812 --- [Users_microservice] [vice-producer-1] org.apache.kafka.clients.NetworkClient   : [Producer clientId=Users_microservice-producer-1] Bootstrap broker localhost:9092 (id: -1 rack: null) disconnected
2025-01-03T03:30:09.176+01:00 ERROR 122812 --- [Users_microservice] [           main] o.s.k.support.LoggingProducerListener    : Exception thrown when sending a message with key='e156da51-f6ea-4f84-8c83-38ee182ff285' and payload='com.banque.events.UserEvent@2d170dac' to topic user-events:

org.apache.kafka.common.errors.TimeoutException: Topic user-events not present in metadata after 60000 ms.

]]></system-out>
  </testcase>
  <testcase name="getClientById_should_return_not_found_when_not_exist" classname="com.banque.users_microservice.controller.ClientControllerIT" time="0.008"/>
  <testcase name="deleteClient_should_return_no_content" classname="com.banque.users_microservice.controller.ClientControllerIT" time="0.008">
    <error message="Row was updated or deleted by another transaction (or unsaved-value mapping was incorrect): [com.banque.users_microservice.entity.Client#a50066b1-6b09-400f-b73f-5a257d8ca244]" type="org.springframework.orm.ObjectOptimisticLockingFailureException"><![CDATA[org.springframework.orm.ObjectOptimisticLockingFailureException: Row was updated or deleted by another transaction (or unsaved-value mapping was incorrect): [com.banque.users_microservice.entity.Client#a50066b1-6b09-400f-b73f-5a257d8ca244]
	at org.springframework.orm.jpa.vendor.HibernateJpaDialect.convertHibernateAccessException(HibernateJpaDialect.java:325)
	at org.springframework.orm.jpa.vendor.HibernateJpaDialect.translateExceptionIfPossible(HibernateJpaDialect.java:244)
	at org.springframework.orm.jpa.AbstractEntityManagerFactoryBean.translateExceptionIfPossible(AbstractEntityManagerFactoryBean.java:560)
	at org.springframework.dao.support.ChainedPersistenceExceptionTranslator.translateExceptionIfPossible(ChainedPersistenceExceptionTranslator.java:61)
	at org.springframework.dao.support.DataAccessUtils.translateIfNecessary(DataAccessUtils.java:343)
	at org.springframework.dao.support.PersistenceExceptionTranslationInterceptor.invoke(PersistenceExceptionTranslationInterceptor.java:160)
	at org.springframework.aop.framework.ReflectiveMethodInvocation.proceed(ReflectiveMethodInvocation.java:184)
	at org.springframework.data.jpa.repository.support.CrudMethodMetadataPostProcessor$CrudMethodMetadataPopulatingMethodInterceptor.invoke(CrudMethodMetadataPostProcessor.java:165)
	at org.springframework.aop.framework.ReflectiveMethodInvocation.proceed(ReflectiveMethodInvocation.java:184)
	at org.springframework.aop.framework.JdkDynamicAopProxy.invoke(JdkDynamicAopProxy.java:223)
	at jdk.proxy2/jdk.proxy2.$Proxy127.save(Unknown Source)
	at com.banque.users_microservice.controller.ClientControllerIT.deleteClient_should_return_no_content(ClientControllerIT.java:117)
	at java.base/java.lang.reflect.Method.invoke(Method.java:580)
	at java.base/java.util.ArrayList.forEach(ArrayList.java:1596)
	at java.base/java.util.ArrayList.forEach(ArrayList.java:1596)
Caused by: org.hibernate.StaleObjectStateException: Row was updated or deleted by another transaction (or unsaved-value mapping was incorrect): [com.banque.users_microservice.entity.Client#a50066b1-6b09-400f-b73f-5a257d8ca244]
	at org.hibernate.event.internal.DefaultMergeEventListener.entityIsDetached(DefaultMergeEventListener.java:426)
	at org.hibernate.event.internal.DefaultMergeEventListener.merge(DefaultMergeEventListener.java:214)
	at org.hibernate.event.internal.DefaultMergeEventListener.doMerge(DefaultMergeEventListener.java:152)
	at org.hibernate.event.internal.DefaultMergeEventListener.onMerge(DefaultMergeEventListener.java:136)
	at org.hibernate.event.internal.DefaultMergeEventListener.onMerge(DefaultMergeEventListener.java:89)
	at org.hibernate.event.service.internal.EventListenerGroupImpl.fireEventOnEachListener(EventListenerGroupImpl.java:127)
	at org.hibernate.internal.SessionImpl.fireMerge(SessionImpl.java:854)
	at org.hibernate.internal.SessionImpl.merge(SessionImpl.java:840)
	at java.base/jdk.internal.reflect.DirectMethodHandleAccessor.invoke(DirectMethodHandleAccessor.java:103)
	at java.base/java.lang.reflect.Method.invoke(Method.java:580)
	at org.springframework.orm.jpa.SharedEntityManagerCreator$SharedEntityManagerInvocationHandler.invoke(SharedEntityManagerCreator.java:320)
	at jdk.proxy2/jdk.proxy2.$Proxy122.merge(Unknown Source)
	at org.springframework.data.jpa.repository.support.SimpleJpaRepository.save(SimpleJpaRepository.java:626)
	at java.base/jdk.internal.reflect.DirectMethodHandleAccessor.invoke(DirectMethodHandleAccessor.java:103)
	at java.base/java.lang.reflect.Method.invoke(Method.java:580)
	at org.springframework.aop.support.AopUtils.invokeJoinpointUsingReflection(AopUtils.java:359)
	at org.springframework.data.repository.core.support.RepositoryMethodInvoker$RepositoryFragmentMethodInvoker.lambda$new$0(RepositoryMethodInvoker.java:277)
	at org.springframework.data.repository.core.support.RepositoryMethodInvoker.doInvoke(RepositoryMethodInvoker.java:170)
	at org.springframework.data.repository.core.support.RepositoryMethodInvoker.invoke(RepositoryMethodInvoker.java:158)
	at org.springframework.data.repository.core.support.RepositoryComposition$RepositoryFragments.invoke(RepositoryComposition.java:515)
	at org.springframework.data.repository.core.support.RepositoryComposition.invoke(RepositoryComposition.java:284)
	at org.springframework.data.repository.core.support.RepositoryFactorySupport$ImplementationMethodExecutionInterceptor.invoke(RepositoryFactorySupport.java:752)
	at org.springframework.aop.framework.ReflectiveMethodInvocation.proceed(ReflectiveMethodInvocation.java:184)
	at org.springframework.data.repository.core.support.QueryExecutorMethodInterceptor.doInvoke(QueryExecutorMethodInterceptor.java:174)
	at org.springframework.data.repository.core.support.QueryExecutorMethodInterceptor.invoke(QueryExecutorMethodInterceptor.java:149)
	at org.springframework.aop.framework.ReflectiveMethodInvocation.proceed(ReflectiveMethodInvocation.java:184)
	at org.springframework.data.projection.DefaultMethodInvokingMethodInterceptor.invoke(DefaultMethodInvokingMethodInterceptor.java:69)
	at org.springframework.aop.framework.ReflectiveMethodInvocation.proceed(ReflectiveMethodInvocation.java:184)
	at org.springframework.transaction.interceptor.TransactionAspectSupport.invokeWithinTransaction(TransactionAspectSupport.java:380)
	at org.springframework.transaction.interceptor.TransactionInterceptor.invoke(TransactionInterceptor.java:119)
	at org.springframework.aop.framework.ReflectiveMethodInvocation.proceed(ReflectiveMethodInvocation.java:184)
	at org.springframework.dao.support.PersistenceExceptionTranslationInterceptor.invoke(PersistenceExceptionTranslationInterceptor.java:138)
	... 9 more
]]></error>
  </testcase>
  <testcase name="updateClient_should_return_updated_client" classname="com.banque.users_microservice.controller.ClientControllerIT" time="0.007">
    <error message="Row was updated or deleted by another transaction (or unsaved-value mapping was incorrect): [com.banque.users_microservice.entity.Client#424d1e04-d19c-49d8-bcaa-2677d0c5ff83]" type="org.springframework.orm.ObjectOptimisticLockingFailureException"><![CDATA[org.springframework.orm.ObjectOptimisticLockingFailureException: Row was updated or deleted by another transaction (or unsaved-value mapping was incorrect): [com.banque.users_microservice.entity.Client#424d1e04-d19c-49d8-bcaa-2677d0c5ff83]
	at org.springframework.orm.jpa.vendor.HibernateJpaDialect.convertHibernateAccessException(HibernateJpaDialect.java:325)
	at org.springframework.orm.jpa.vendor.HibernateJpaDialect.translateExceptionIfPossible(HibernateJpaDialect.java:244)
	at org.springframework.orm.jpa.AbstractEntityManagerFactoryBean.translateExceptionIfPossible(AbstractEntityManagerFactoryBean.java:560)
	at org.springframework.dao.support.ChainedPersistenceExceptionTranslator.translateExceptionIfPossible(ChainedPersistenceExceptionTranslator.java:61)
	at org.springframework.dao.support.DataAccessUtils.translateIfNecessary(DataAccessUtils.java:343)
	at org.springframework.dao.support.PersistenceExceptionTranslationInterceptor.invoke(PersistenceExceptionTranslationInterceptor.java:160)
	at org.springframework.aop.framework.ReflectiveMethodInvocation.proceed(ReflectiveMethodInvocation.java:184)
	at org.springframework.data.jpa.repository.support.CrudMethodMetadataPostProcessor$CrudMethodMetadataPopulatingMethodInterceptor.invoke(CrudMethodMetadataPostProcessor.java:165)
	at org.springframework.aop.framework.ReflectiveMethodInvocation.proceed(ReflectiveMethodInvocation.java:184)
	at org.springframework.aop.framework.JdkDynamicAopProxy.invoke(JdkDynamicAopProxy.java:223)
	at jdk.proxy2/jdk.proxy2.$Proxy127.save(Unknown Source)
	at com.banque.users_microservice.controller.ClientControllerIT.updateClient_should_return_updated_client(ClientControllerIT.java:79)
	at java.base/java.lang.reflect.Method.invoke(Method.java:580)
	at java.base/java.util.ArrayList.forEach(ArrayList.java:1596)
	at java.base/java.util.ArrayList.forEach(ArrayList.java:1596)
Caused by: org.hibernate.StaleObjectStateException: Row was updated or deleted by another transaction (or unsaved-value mapping was incorrect): [com.banque.users_microservice.entity.Client#424d1e04-d19c-49d8-bcaa-2677d0c5ff83]
	at org.hibernate.event.internal.DefaultMergeEventListener.entityIsDetached(DefaultMergeEventListener.java:426)
	at org.hibernate.event.internal.DefaultMergeEventListener.merge(DefaultMergeEventListener.java:214)
	at org.hibernate.event.internal.DefaultMergeEventListener.doMerge(DefaultMergeEventListener.java:152)
	at org.hibernate.event.internal.DefaultMergeEventListener.onMerge(DefaultMergeEventListener.java:136)
	at org.hibernate.event.internal.DefaultMergeEventListener.onMerge(DefaultMergeEventListener.java:89)
	at org.hibernate.event.service.internal.EventListenerGroupImpl.fireEventOnEachListener(EventListenerGroupImpl.java:127)
	at org.hibernate.internal.SessionImpl.fireMerge(SessionImpl.java:854)
	at org.hibernate.internal.SessionImpl.merge(SessionImpl.java:840)
	at java.base/jdk.internal.reflect.DirectMethodHandleAccessor.invoke(DirectMethodHandleAccessor.java:103)
	at java.base/java.lang.reflect.Method.invoke(Method.java:580)
	at org.springframework.orm.jpa.SharedEntityManagerCreator$SharedEntityManagerInvocationHandler.invoke(SharedEntityManagerCreator.java:320)
	at jdk.proxy2/jdk.proxy2.$Proxy122.merge(Unknown Source)
	at org.springframework.data.jpa.repository.support.SimpleJpaRepository.save(SimpleJpaRepository.java:626)
	at java.base/jdk.internal.reflect.DirectMethodHandleAccessor.invoke(DirectMethodHandleAccessor.java:103)
	at java.base/java.lang.reflect.Method.invoke(Method.java:580)
	at org.springframework.aop.support.AopUtils.invokeJoinpointUsingReflection(AopUtils.java:359)
	at org.springframework.data.repository.core.support.RepositoryMethodInvoker$RepositoryFragmentMethodInvoker.lambda$new$0(RepositoryMethodInvoker.java:277)
	at org.springframework.data.repository.core.support.RepositoryMethodInvoker.doInvoke(RepositoryMethodInvoker.java:170)
	at org.springframework.data.repository.core.support.RepositoryMethodInvoker.invoke(RepositoryMethodInvoker.java:158)
	at org.springframework.data.repository.core.support.RepositoryComposition$RepositoryFragments.invoke(RepositoryComposition.java:515)
	at org.springframework.data.repository.core.support.RepositoryComposition.invoke(RepositoryComposition.java:284)
	at org.springframework.data.repository.core.support.RepositoryFactorySupport$ImplementationMethodExecutionInterceptor.invoke(RepositoryFactorySupport.java:752)
	at org.springframework.aop.framework.ReflectiveMethodInvocation.proceed(ReflectiveMethodInvocation.java:184)
	at org.springframework.data.repository.core.support.QueryExecutorMethodInterceptor.doInvoke(QueryExecutorMethodInterceptor.java:174)
	at org.springframework.data.repository.core.support.QueryExecutorMethodInterceptor.invoke(QueryExecutorMethodInterceptor.java:149)
	at org.springframework.aop.framework.ReflectiveMethodInvocation.proceed(ReflectiveMethodInvocation.java:184)
	at org.springframework.data.projection.DefaultMethodInvokingMethodInterceptor.invoke(DefaultMethodInvokingMethodInterceptor.java:69)
	at org.springframework.aop.framework.ReflectiveMethodInvocation.proceed(ReflectiveMethodInvocation.java:184)
	at org.springframework.transaction.interceptor.TransactionAspectSupport.invokeWithinTransaction(TransactionAspectSupport.java:380)
	at org.springframework.transaction.interceptor.TransactionInterceptor.invoke(TransactionInterceptor.java:119)
	at org.springframework.aop.framework.ReflectiveMethodInvocation.proceed(ReflectiveMethodInvocation.java:184)
	at org.springframework.dao.support.PersistenceExceptionTranslationInterceptor.invoke(PersistenceExceptionTranslationInterceptor.java:138)
	... 9 more
]]></error>
  </testcase>
</testsuite>